#
# There is insufficient memory for the Java Runtime Environment to continue.
# Native memory allocation (malloc) failed to allocate 175856 bytes for Chunk::new
# Possible reasons:
#   The system is out of physical RAM or swap space
#   The process is running with CompressedOops enabled, and the Java Heap may be blocking the growth of the native heap
# Possible solutions:
#   Reduce memory load on the system
#   Increase physical memory or swap space
#   Check if swap backing store is full
#   Decrease Java heap size (-Xmx/-Xms)
#   Decrease number of Java threads
#   Decrease Java thread stack sizes (-Xss)
#   Set larger code cache with -XX:ReservedCodeCacheSize=
#   JVM is running with Unscaled Compressed Oops mode in which the Java heap is
#     placed in the first 4GB address space. The Java Heap base address is the
#     maximum limit for the native heap growth. Please use -XX:HeapBaseMinAddress
#     to set the Java Heap base and to place the Java Heap above 4GB virtual address.
# This output file may be truncated or incomplete.
#
#  Out of Memory Error (t:/workspace/open/src/hotspot/share/memory/arena.cpp:196), pid=348, tid=6212
#
# JRE version: Java(TM) SE Runtime Environment (13.0.2+8) (build 13.0.2+8)
# Java VM: Java HotSpot(TM) 64-Bit Server VM (13.0.2+8, mixed mode, sharing, tiered, compressed oops, g1 gc, windows-amd64)
# No core dump will be written. Minidumps are not enabled by default on client versions of Windows
#

---------------  S U M M A R Y ------------

Command Line: -Dfile.encoding=UTF-8 test

Host: Intel(R) Core(TM) i7-4600U CPU @ 2.10GHz, 4 cores, 7G,  Windows 10 , 64 bit Build 18362 (10.0.18362.778)
Time: Wed Jun  3 01:20:33 2020 Maroc (heure d?été) elapsed time: 9 seconds (0d 0h 0m 9s)

---------------  T H R E A D  ---------------

Current thread (0x0000024570439800):  JavaThread "C2 CompilerThread0" daemon [_thread_in_native, id=6212, stack(0x00000064c2a00000,0x00000064c2b00000)]


Current CompileTask:
C2:   9534  941   !   4       sun.awt.AppContext::get (123 bytes)

Stack: [0x00000064c2a00000,0x00000064c2b00000]
Native frames: (J=compiled Java code, j=interpreted, Vv=VM code, C=native code)
V  [jvm.dll+0x624f9a]
V  [jvm.dll+0x770cfa]
V  [jvm.dll+0x7724af]
V  [jvm.dll+0x772ab3]
V  [jvm.dll+0x24bf08]
V  [jvm.dll+0xc1e47]
V  [jvm.dll+0xc23cc]
V  [jvm.dll+0x35c068]
V  [jvm.dll+0x327803]
V  [jvm.dll+0x326bda]
V  [jvm.dll+0x205c27]
V  [jvm.dll+0x204e3f]
V  [jvm.dll+0x189c2c]
V  [jvm.dll+0x213e6d]
V  [jvm.dll+0x2120bb]
V  [jvm.dll+0x736bb6]
V  [jvm.dll+0x72fcaa]
V  [jvm.dll+0x623ea6]
C  [ucrtbase.dll+0x20e82]
C  [KERNEL32.DLL+0x17bd4]
C  [ntdll.dll+0x6ce51]


---------------  P R O C E S S  ---------------

Threads class SMR info:
_java_thread_list=0x000002457181c040, length=15, elements={
0x000002457041d000, 0x0000024570426800, 0x0000024570435000, 0x0000024570437000,
0x0000024570439800, 0x0000024570447800, 0x000002457047e800, 0x0000024570ebf800,
0x0000024570ece800, 0x00000245710ea000, 0x0000024571120800, 0x0000024571127800,
0x00000245717f5800, 0x000002454fe1c000, 0x000002457197f800
}

Java Threads: ( => current thread )
  0x000002457041d000 JavaThread "Reference Handler" daemon [_thread_blocked, id=20208, stack(0x00000064c2600000,0x00000064c2700000)]
  0x0000024570426800 JavaThread "Finalizer" daemon [_thread_blocked, id=19684, stack(0x00000064c2700000,0x00000064c2800000)]
  0x0000024570435000 JavaThread "Signal Dispatcher" daemon [_thread_blocked, id=12020, stack(0x00000064c2800000,0x00000064c2900000)]
  0x0000024570437000 JavaThread "Attach Listener" daemon [_thread_blocked, id=16320, stack(0x00000064c2900000,0x00000064c2a00000)]
=>0x0000024570439800 JavaThread "C2 CompilerThread0" daemon [_thread_in_native, id=6212, stack(0x00000064c2a00000,0x00000064c2b00000)]
  0x0000024570447800 JavaThread "C1 CompilerThread0" daemon [_thread_blocked, id=19152, stack(0x00000064c2b00000,0x00000064c2c00000)]
  0x000002457047e800 JavaThread "Sweeper thread" daemon [_thread_blocked, id=18416, stack(0x00000064c2c00000,0x00000064c2d00000)]
  0x0000024570ebf800 JavaThread "Service Thread" daemon [_thread_blocked, id=1812, stack(0x00000064c2d00000,0x00000064c2e00000)]
  0x0000024570ece800 JavaThread "Common-Cleaner" daemon [_thread_blocked, id=2688, stack(0x00000064c2f00000,0x00000064c3000000)]
  0x00000245710ea000 JavaThread "Java2D Disposer" daemon [_thread_blocked, id=24020, stack(0x00000064c3000000,0x00000064c3100000)]
  0x0000024571120800 JavaThread "AWT-Shutdown" [_thread_blocked, id=3816, stack(0x00000064c3100000,0x00000064c3200000)]
  0x0000024571127800 JavaThread "AWT-Windows" daemon [_thread_in_native, id=5948, stack(0x00000064c3200000,0x00000064c3300000)]
  0x00000245717f5800 JavaThread "AWT-EventQueue-0" [_thread_blocked, id=11404, stack(0x00000064c3300000,0x00000064c3400000)]
  0x000002454fe1c000 JavaThread "DestroyJavaVM" [_thread_blocked, id=18196, stack(0x00000064c1f00000,0x00000064c2000000)]
  0x000002457197f800 JavaThread "TimerQueue" daemon [_thread_blocked, id=17580, stack(0x00000064c3700000,0x00000064c3800000)]

Other Threads:
  0x0000024570418000 VMThread "VM Thread" [stack: 0x00000064c2500000,0x00000064c2600000] [id=23288]
  0x0000024570ec4800 WatcherThread [stack: 0x00000064c2e00000,0x00000064c2f00000] [id=9112]
  0x000002454fe5f000 GCTaskThread "GC Thread#0" [stack: 0x00000064c2000000,0x00000064c2100000] [id=1084]
  0x000002454fe72000 ConcurrentGCThread "G1 Main Marker" [stack: 0x00000064c2100000,0x00000064c2200000] [id=9336]
  0x000002454fe75000 ConcurrentGCThread "G1 Conc#0" [stack: 0x00000064c2200000,0x00000064c2300000] [id=18132]
  0x0000024570292800 ConcurrentGCThread "G1 Refine#0" [stack: 0x00000064c2300000,0x00000064c2400000] [id=10888]
  0x0000024570295000 ConcurrentGCThread "G1 Young RemSet Sampling" [stack: 0x00000064c2400000,0x00000064c2500000] [id=12740]

Threads with active compile tasks:
C2 CompilerThread0     9565  941   !   4       sun.awt.AppContext::get (123 bytes)

VM state:not at safepoint (normal execution)

VM Mutex/Monitor currently owned by a thread: None

Heap address: 0x0000000081600000, size: 2026 MB, Compressed Oops mode: 32-bit
Narrow klass base: 0x0000000800000000, Narrow klass shift: 3
Compressed class space size: 1073741824 Address: 0x0000000800b40000

Heap:
 garbage-first heap   total 131072K, used 6144K [0x0000000081600000, 0x0000000100000000)
  region size 1024K, 6 young (6144K), 0 survivors (0K)
 Metaspace       used 9034K, capacity 9342K, committed 9472K, reserved 1056768K
  class space    used 1087K, capacity 1208K, committed 1280K, reserved 1048576K
Heap Regions: E=young(eden), S=young(survivor), O=old, HS=humongous(starts), HC=humongous(continues), CS=collection set, F=free, A=archive, TAMS=top-at-mark-start (previous, next)
|   0|0x0000000081600000, 0x0000000081700000, 0x0000000081700000|100%|HS|  |TAMS 0x0000000081600000, 0x0000000081600000| Complete 
|   1|0x0000000081700000, 0x0000000081700000, 0x0000000081800000|  0%| F|  |TAMS 0x0000000081700000, 0x0000000081700000| Untracked 
|   2|0x0000000081800000, 0x0000000081800000, 0x0000000081900000|  0%| F|  |TAMS 0x0000000081800000, 0x0000000081800000| Untracked 
|   3|0x0000000081900000, 0x0000000081900000, 0x0000000081a00000|  0%| F|  |TAMS 0x0000000081900000, 0x0000000081900000| Untracked 
|   4|0x0000000081a00000, 0x0000000081a00000, 0x0000000081b00000|  0%| F|  |TAMS 0x0000000081a00000, 0x0000000081a00000| Untracked 
|   5|0x0000000081b00000, 0x0000000081b00000, 0x0000000081c00000|  0%| F|  |TAMS 0x0000000081b00000, 0x0000000081b00000| Untracked 
|   6|0x0000000081c00000, 0x0000000081c00000, 0x0000000081d00000|  0%| F|  |TAMS 0x0000000081c00000, 0x0000000081c00000| Untracked 
|   7|0x0000000081d00000, 0x0000000081d00000, 0x0000000081e00000|  0%| F|  |TAMS 0x0000000081d00000, 0x0000000081d00000| Untracked 
|   8|0x0000000081e00000, 0x0000000081e00000, 0x0000000081f00000|  0%| F|  |TAMS 0x0000000081e00000, 0x0000000081e00000| Untracked 
|   9|0x0000000081f00000, 0x0000000081f00000, 0x0000000082000000|  0%| F|  |TAMS 0x0000000081f00000, 0x0000000081f00000| Untracked 
|  10|0x0000000082000000, 0x0000000082000000, 0x0000000082100000|  0%| F|  |TAMS 0x0000000082000000, 0x0000000082000000| Untracked 
|  11|0x0000000082100000, 0x0000000082100000, 0x0000000082200000|  0%| F|  |TAMS 0x0000000082100000, 0x0000000082100000| Untracked 
|  12|0x0000000082200000, 0x0000000082200000, 0x0000000082300000|  0%| F|  |TAMS 0x0000000082200000, 0x0000000082200000| Untracked 
|  13|0x0000000082300000, 0x0000000082300000, 0x0000000082400000|  0%| F|  |TAMS 0x0000000082300000, 0x0000000082300000| Untracked 
|  14|0x0000000082400000, 0x0000000082400000, 0x0000000082500000|  0%| F|  |TAMS 0x0000000082400000, 0x0000000082400000| Untracked 
|  15|0x0000000082500000, 0x0000000082500000, 0x0000000082600000|  0%| F|  |TAMS 0x0000000082500000, 0x0000000082500000| Untracked 
|  16|0x0000000082600000, 0x0000000082600000, 0x0000000082700000|  0%| F|  |TAMS 0x0000000082600000, 0x0000000082600000| Untracked 
|  17|0x0000000082700000, 0x0000000082700000, 0x0000000082800000|  0%| F|  |TAMS 0x0000000082700000, 0x0000000082700000| Untracked 
|  18|0x0000000082800000, 0x0000000082800000, 0x0000000082900000|  0%| F|  |TAMS 0x0000000082800000, 0x0000000082800000| Untracked 
|  19|0x0000000082900000, 0x0000000082900000, 0x0000000082a00000|  0%| F|  |TAMS 0x0000000082900000, 0x0000000082900000| Untracked 
|  20|0x0000000082a00000, 0x0000000082a00000, 0x0000000082b00000|  0%| F|  |TAMS 0x0000000082a00000, 0x0000000082a00000| Untracked 
|  21|0x0000000082b00000, 0x0000000082b00000, 0x0000000082c00000|  0%| F|  |TAMS 0x0000000082b00000, 0x0000000082b00000| Untracked 
|  22|0x0000000082c00000, 0x0000000082c00000, 0x0000000082d00000|  0%| F|  |TAMS 0x0000000082c00000, 0x0000000082c00000| Untracked 
|  23|0x0000000082d00000, 0x0000000082d00000, 0x0000000082e00000|  0%| F|  |TAMS 0x0000000082d00000, 0x0000000082d00000| Untracked 
|  24|0x0000000082e00000, 0x0000000082e00000, 0x0000000082f00000|  0%| F|  |TAMS 0x0000000082e00000, 0x0000000082e00000| Untracked 
|  25|0x0000000082f00000, 0x0000000082f00000, 0x0000000083000000|  0%| F|  |TAMS 0x0000000082f00000, 0x0000000082f00000| Untracked 
|  26|0x0000000083000000, 0x0000000083000000, 0x0000000083100000|  0%| F|  |TAMS 0x0000000083000000, 0x0000000083000000| Untracked 
|  27|0x0000000083100000, 0x0000000083100000, 0x0000000083200000|  0%| F|  |TAMS 0x0000000083100000, 0x0000000083100000| Untracked 
|  28|0x0000000083200000, 0x0000000083200000, 0x0000000083300000|  0%| F|  |TAMS 0x0000000083200000, 0x0000000083200000| Untracked 
|  29|0x0000000083300000, 0x0000000083300000, 0x0000000083400000|  0%| F|  |TAMS 0x0000000083300000, 0x0000000083300000| Untracked 
|  30|0x0000000083400000, 0x0000000083400000, 0x0000000083500000|  0%| F|  |TAMS 0x0000000083400000, 0x0000000083400000| Untracked 
|  31|0x0000000083500000, 0x0000000083500000, 0x0000000083600000|  0%| F|  |TAMS 0x0000000083500000, 0x0000000083500000| Untracked 
|  32|0x0000000083600000, 0x0000000083600000, 0x0000000083700000|  0%| F|  |TAMS 0x0000000083600000, 0x0000000083600000| Untracked 
|  33|0x0000000083700000, 0x0000000083700000, 0x0000000083800000|  0%| F|  |TAMS 0x0000000083700000, 0x0000000083700000| Untracked 
|  34|0x0000000083800000, 0x0000000083800000, 0x0000000083900000|  0%| F|  |TAMS 0x0000000083800000, 0x0000000083800000| Untracked 
|  35|0x0000000083900000, 0x0000000083900000, 0x0000000083a00000|  0%| F|  |TAMS 0x0000000083900000, 0x0000000083900000| Untracked 
|  36|0x0000000083a00000, 0x0000000083a00000, 0x0000000083b00000|  0%| F|  |TAMS 0x0000000083a00000, 0x0000000083a00000| Untracked 
|  37|0x0000000083b00000, 0x0000000083b00000, 0x0000000083c00000|  0%| F|  |TAMS 0x0000000083b00000, 0x0000000083b00000| Untracked 
|  38|0x0000000083c00000, 0x0000000083c00000, 0x0000000083d00000|  0%| F|  |TAMS 0x0000000083c00000, 0x0000000083c00000| Untracked 
|  39|0x0000000083d00000, 0x0000000083d00000, 0x0000000083e00000|  0%| F|  |TAMS 0x0000000083d00000, 0x0000000083d00000| Untracked 
|  40|0x0000000083e00000, 0x0000000083e00000, 0x0000000083f00000|  0%| F|  |TAMS 0x0000000083e00000, 0x0000000083e00000| Untracked 
|  41|0x0000000083f00000, 0x0000000083f00000, 0x0000000084000000|  0%| F|  |TAMS 0x0000000083f00000, 0x0000000083f00000| Untracked 
|  42|0x0000000084000000, 0x0000000084000000, 0x0000000084100000|  0%| F|  |TAMS 0x0000000084000000, 0x0000000084000000| Untracked 
|  43|0x0000000084100000, 0x0000000084100000, 0x0000000084200000|  0%| F|  |TAMS 0x0000000084100000, 0x0000000084100000| Untracked 
|  44|0x0000000084200000, 0x0000000084200000, 0x0000000084300000|  0%| F|  |TAMS 0x0000000084200000, 0x0000000084200000| Untracked 
|  45|0x0000000084300000, 0x0000000084300000, 0x0000000084400000|  0%| F|  |TAMS 0x0000000084300000, 0x0000000084300000| Untracked 
|  46|0x0000000084400000, 0x0000000084400000, 0x0000000084500000|  0%| F|  |TAMS 0x0000000084400000, 0x0000000084400000| Untracked 
|  47|0x0000000084500000, 0x0000000084500000, 0x0000000084600000|  0%| F|  |TAMS 0x0000000084500000, 0x0000000084500000| Untracked 
|  48|0x0000000084600000, 0x0000000084600000, 0x0000000084700000|  0%| F|  |TAMS 0x0000000084600000, 0x0000000084600000| Untracked 
|  49|0x0000000084700000, 0x0000000084700000, 0x0000000084800000|  0%| F|  |TAMS 0x0000000084700000, 0x0000000084700000| Untracked 
|  50|0x0000000084800000, 0x0000000084800000, 0x0000000084900000|  0%| F|  |TAMS 0x0000000084800000, 0x0000000084800000| Untracked 
|  51|0x0000000084900000, 0x0000000084900000, 0x0000000084a00000|  0%| F|  |TAMS 0x0000000084900000, 0x0000000084900000| Untracked 
|  52|0x0000000084a00000, 0x0000000084a00000, 0x0000000084b00000|  0%| F|  |TAMS 0x0000000084a00000, 0x0000000084a00000| Untracked 
|  53|0x0000000084b00000, 0x0000000084b00000, 0x0000000084c00000|  0%| F|  |TAMS 0x0000000084b00000, 0x0000000084b00000| Untracked 
|  54|0x0000000084c00000, 0x0000000084c00000, 0x0000000084d00000|  0%| F|  |TAMS 0x0000000084c00000, 0x0000000084c00000| Untracked 
|  55|0x0000000084d00000, 0x0000000084d00000, 0x0000000084e00000|  0%| F|  |TAMS 0x0000000084d00000, 0x0000000084d00000| Untracked 
|  56|0x0000000084e00000, 0x0000000084e00000, 0x0000000084f00000|  0%| F|  |TAMS 0x0000000084e00000, 0x0000000084e00000| Untracked 
|  57|0x0000000084f00000, 0x0000000084f00000, 0x0000000085000000|  0%| F|  |TAMS 0x0000000084f00000, 0x0000000084f00000| Untracked 
|  58|0x0000000085000000, 0x0000000085000000, 0x0000000085100000|  0%| F|  |TAMS 0x0000000085000000, 0x0000000085000000| Untracked 
|  59|0x0000000085100000, 0x0000000085100000, 0x0000000085200000|  0%| F|  |TAMS 0x0000000085100000, 0x0000000085100000| Untracked 
|  60|0x0000000085200000, 0x0000000085200000, 0x0000000085300000|  0%| F|  |TAMS 0x0000000085200000, 0x0000000085200000| Untracked 
|  61|0x0000000085300000, 0x0000000085300000, 0x0000000085400000|  0%| F|  |TAMS 0x0000000085300000, 0x0000000085300000| Untracked 
|  62|0x0000000085400000, 0x0000000085400000, 0x0000000085500000|  0%| F|  |TAMS 0x0000000085400000, 0x0000000085400000| Untracked 
|  63|0x0000000085500000, 0x0000000085500000, 0x0000000085600000|  0%| F|  |TAMS 0x0000000085500000, 0x0000000085500000| Untracked 
|  64|0x0000000085600000, 0x0000000085600000, 0x0000000085700000|  0%| F|  |TAMS 0x0000000085600000, 0x0000000085600000| Untracked 
|  65|0x0000000085700000, 0x0000000085700000, 0x0000000085800000|  0%| F|  |TAMS 0x0000000085700000, 0x0000000085700000| Untracked 
|  66|0x0000000085800000, 0x0000000085800000, 0x0000000085900000|  0%| F|  |TAMS 0x0000000085800000, 0x0000000085800000| Untracked 
|  67|0x0000000085900000, 0x0000000085900000, 0x0000000085a00000|  0%| F|  |TAMS 0x0000000085900000, 0x0000000085900000| Untracked 
|  68|0x0000000085a00000, 0x0000000085a00000, 0x0000000085b00000|  0%| F|  |TAMS 0x0000000085a00000, 0x0000000085a00000| Untracked 
|  69|0x0000000085b00000, 0x0000000085b00000, 0x0000000085c00000|  0%| F|  |TAMS 0x0000000085b00000, 0x0000000085b00000| Untracked 
|  70|0x0000000085c00000, 0x0000000085c00000, 0x0000000085d00000|  0%| F|  |TAMS 0x0000000085c00000, 0x0000000085c00000| Untracked 
|  71|0x0000000085d00000, 0x0000000085d00000, 0x0000000085e00000|  0%| F|  |TAMS 0x0000000085d00000, 0x0000000085d00000| Untracked 
|  72|0x0000000085e00000, 0x0000000085e00000, 0x0000000085f00000|  0%| F|  |TAMS 0x0000000085e00000, 0x0000000085e00000| Untracked 
|  73|0x0000000085f00000, 0x0000000085f00000, 0x0000000086000000|  0%| F|  |TAMS 0x0000000085f00000, 0x0000000085f00000| Untracked 
|  74|0x0000000086000000, 0x0000000086000000, 0x0000000086100000|  0%| F|  |TAMS 0x0000000086000000, 0x0000000086000000| Untracked 
|  75|0x0000000086100000, 0x0000000086100000, 0x0000000086200000|  0%| F|  |TAMS 0x0000000086100000, 0x0000000086100000| Untracked 
|  76|0x0000000086200000, 0x0000000086200000, 0x0000000086300000|  0%| F|  |TAMS 0x0000000086200000, 0x0000000086200000| Untracked 
|  77|0x0000000086300000, 0x0000000086300000, 0x0000000086400000|  0%| F|  |TAMS 0x0000000086300000, 0x0000000086300000| Untracked 
|  78|0x0000000086400000, 0x0000000086400000, 0x0000000086500000|  0%| F|  |TAMS 0x0000000086400000, 0x0000000086400000| Untracked 
|  79|0x0000000086500000, 0x0000000086500000, 0x0000000086600000|  0%| F|  |TAMS 0x0000000086500000, 0x0000000086500000| Untracked 
|  80|0x0000000086600000, 0x0000000086600000, 0x0000000086700000|  0%| F|  |TAMS 0x0000000086600000, 0x0000000086600000| Untracked 
|  81|0x0000000086700000, 0x0000000086700000, 0x0000000086800000|  0%| F|  |TAMS 0x0000000086700000, 0x0000000086700000| Untracked 
|  82|0x0000000086800000, 0x0000000086800000, 0x0000000086900000|  0%| F|  |TAMS 0x0000000086800000, 0x0000000086800000| Untracked 
|  83|0x0000000086900000, 0x0000000086900000, 0x0000000086a00000|  0%| F|  |TAMS 0x0000000086900000, 0x0000000086900000| Untracked 
|  84|0x0000000086a00000, 0x0000000086a00000, 0x0000000086b00000|  0%| F|  |TAMS 0x0000000086a00000, 0x0000000086a00000| Untracked 
|  85|0x0000000086b00000, 0x0000000086b00000, 0x0000000086c00000|  0%| F|  |TAMS 0x0000000086b00000, 0x0000000086b00000| Untracked 
|  86|0x0000000086c00000, 0x0000000086c00000, 0x0000000086d00000|  0%| F|  |TAMS 0x0000000086c00000, 0x0000000086c00000| Untracked 
|  87|0x0000000086d00000, 0x0000000086d00000, 0x0000000086e00000|  0%| F|  |TAMS 0x0000000086d00000, 0x0000000086d00000| Untracked 
|  88|0x0000000086e00000, 0x0000000086e00000, 0x0000000086f00000|  0%| F|  |TAMS 0x0000000086e00000, 0x0000000086e00000| Untracked 
|  89|0x0000000086f00000, 0x0000000086f00000, 0x0000000087000000|  0%| F|  |TAMS 0x0000000086f00000, 0x0000000086f00000| Untracked 
|  90|0x0000000087000000, 0x0000000087000000, 0x0000000087100000|  0%| F|  |TAMS 0x0000000087000000, 0x0000000087000000| Untracked 
|  91|0x0000000087100000, 0x0000000087100000, 0x0000000087200000|  0%| F|  |TAMS 0x0000000087100000, 0x0000000087100000| Untracked 
|  92|0x0000000087200000, 0x0000000087200000, 0x0000000087300000|  0%| F|  |TAMS 0x0000000087200000, 0x0000000087200000| Untracked 
|  93|0x0000000087300000, 0x0000000087300000, 0x0000000087400000|  0%| F|  |TAMS 0x0000000087300000, 0x0000000087300000| Untracked 
|  94|0x0000000087400000, 0x0000000087400000, 0x0000000087500000|  0%| F|  |TAMS 0x0000000087400000, 0x0000000087400000| Untracked 
|  95|0x0000000087500000, 0x0000000087500000, 0x0000000087600000|  0%| F|  |TAMS 0x0000000087500000, 0x0000000087500000| Untracked 
|  96|0x0000000087600000, 0x0000000087600000, 0x0000000087700000|  0%| F|  |TAMS 0x0000000087600000, 0x0000000087600000| Untracked 
|  97|0x0000000087700000, 0x0000000087700000, 0x0000000087800000|  0%| F|  |TAMS 0x0000000087700000, 0x0000000087700000| Untracked 
|  98|0x0000000087800000, 0x0000000087800000, 0x0000000087900000|  0%| F|  |TAMS 0x0000000087800000, 0x0000000087800000| Untracked 
|  99|0x0000000087900000, 0x0000000087900000, 0x0000000087a00000|  0%| F|  |TAMS 0x0000000087900000, 0x0000000087900000| Untracked 
| 100|0x0000000087a00000, 0x0000000087a00000, 0x0000000087b00000|  0%| F|  |TAMS 0x0000000087a00000, 0x0000000087a00000| Untracked 
| 101|0x0000000087b00000, 0x0000000087b00000, 0x0000000087c00000|  0%| F|  |TAMS 0x0000000087b00000, 0x0000000087b00000| Untracked 
| 102|0x0000000087c00000, 0x0000000087c00000, 0x0000000087d00000|  0%| F|  |TAMS 0x0000000087c00000, 0x0000000087c00000| Untracked 
| 103|0x0000000087d00000, 0x0000000087d00000, 0x0000000087e00000|  0%| F|  |TAMS 0x0000000087d00000, 0x0000000087d00000| Untracked 
| 104|0x0000000087e00000, 0x0000000087e00000, 0x0000000087f00000|  0%| F|  |TAMS 0x0000000087e00000, 0x0000000087e00000| Untracked 
| 105|0x0000000087f00000, 0x0000000087f00000, 0x0000000088000000|  0%| F|  |TAMS 0x0000000087f00000, 0x0000000087f00000| Untracked 
| 106|0x0000000088000000, 0x0000000088000000, 0x0000000088100000|  0%| F|  |TAMS 0x0000000088000000, 0x0000000088000000| Untracked 
| 107|0x0000000088100000, 0x0000000088100000, 0x0000000088200000|  0%| F|  |TAMS 0x0000000088100000, 0x0000000088100000| Untracked 
| 108|0x0000000088200000, 0x0000000088200000, 0x0000000088300000|  0%| F|  |TAMS 0x0000000088200000, 0x0000000088200000| Untracked 
| 109|0x0000000088300000, 0x0000000088300000, 0x0000000088400000|  0%| F|  |TAMS 0x0000000088300000, 0x0000000088300000| Untracked 
| 110|0x0000000088400000, 0x0000000088400000, 0x0000000088500000|  0%| F|  |TAMS 0x0000000088400000, 0x0000000088400000| Untracked 
| 111|0x0000000088500000, 0x0000000088500000, 0x0000000088600000|  0%| F|  |TAMS 0x0000000088500000, 0x0000000088500000| Untracked 
| 112|0x0000000088600000, 0x0000000088600000, 0x0000000088700000|  0%| F|  |TAMS 0x0000000088600000, 0x0000000088600000| Untracked 
| 113|0x0000000088700000, 0x0000000088700000, 0x0000000088800000|  0%| F|  |TAMS 0x0000000088700000, 0x0000000088700000| Untracked 
| 114|0x0000000088800000, 0x0000000088800000, 0x0000000088900000|  0%| F|  |TAMS 0x0000000088800000, 0x0000000088800000| Untracked 
| 115|0x0000000088900000, 0x0000000088900000, 0x0000000088a00000|  0%| F|  |TAMS 0x0000000088900000, 0x0000000088900000| Untracked 
| 116|0x0000000088a00000, 0x0000000088a00000, 0x0000000088b00000|  0%| F|  |TAMS 0x0000000088a00000, 0x0000000088a00000| Untracked 
| 117|0x0000000088b00000, 0x0000000088b00000, 0x0000000088c00000|  0%| F|  |TAMS 0x0000000088b00000, 0x0000000088b00000| Untracked 
| 118|0x0000000088c00000, 0x0000000088c00000, 0x0000000088d00000|  0%| F|  |TAMS 0x0000000088c00000, 0x0000000088c00000| Untracked 
| 119|0x0000000088d00000, 0x0000000088d00000, 0x0000000088e00000|  0%| F|  |TAMS 0x0000000088d00000, 0x0000000088d00000| Untracked 
| 120|0x0000000088e00000, 0x0000000088e00000, 0x0000000088f00000|  0%| F|  |TAMS 0x0000000088e00000, 0x0000000088e00000| Untracked 
| 121|0x0000000088f00000, 0x0000000088f00000, 0x0000000089000000|  0%| F|  |TAMS 0x0000000088f00000, 0x0000000088f00000| Untracked 
| 122|0x0000000089000000, 0x00000000890d78f8, 0x0000000089100000| 84%| E|  |TAMS 0x0000000089000000, 0x0000000089000000| Complete 
| 123|0x0000000089100000, 0x0000000089200000, 0x0000000089200000|100%| E|CS|TAMS 0x0000000089100000, 0x0000000089100000| Complete 
| 124|0x0000000089200000, 0x0000000089300000, 0x0000000089300000|100%| E|CS|TAMS 0x0000000089200000, 0x0000000089200000| Complete 
| 125|0x0000000089300000, 0x0000000089400000, 0x0000000089400000|100%| E|CS|TAMS 0x0000000089300000, 0x0000000089300000| Complete 
| 126|0x0000000089400000, 0x0000000089500000, 0x0000000089500000|100%| E|CS|TAMS 0x0000000089400000, 0x0000000089400000| Complete 
| 127|0x0000000089500000, 0x0000000089600000, 0x0000000089600000|100%| E|CS|TAMS 0x0000000089500000, 0x0000000089500000| Complete 

Card table byte_map: [0x0000024569690000,0x0000024569a90000] _byte_map_base: 0x0000024569285000

Marking Bits (Prev, Next): (CMBitMap*) 0x000002454fe5fcd8, (CMBitMap*) 0x000002454fe5fd18
 Prev Bits: [0x0000024569e90000, 0x000002456be38000)
 Next Bits: [0x000002456be40000, 0x000002456dde8000)

Polling page: 0x000002454fef0000

Metaspace:

Usage:
  Non-class:      7.94 MB capacity,     7.76 MB ( 98%) used,   168.68 KB (  2%) free+waste,    19.19 KB ( <1%) overhead. 
      Class:      1.18 MB capacity,     1.06 MB ( 90%) used,   107.55 KB (  9%) free+waste,    12.50 KB (  1%) overhead. 
       Both:      9.12 MB capacity,     8.82 MB ( 97%) used,   276.23 KB (  3%) free+waste,    31.69 KB ( <1%) overhead. 

Virtual space:
  Non-class space:        8.00 MB reserved,       8.00 MB (100%) committed 
      Class space:        1.00 GB reserved,       1.25 MB ( <1%) committed 
             Both:        1.01 GB reserved,       9.25 MB ( <1%) committed 

Chunk freelists:
   Non-Class:  58.00 KB
       Class:  8.00 KB
        Both:  66.00 KB

MaxMetaspaceSize: 17179869184.00 GB
CompressedClassSpaceSize: 1.00 GB

CodeHeap 'non-profiled nmethods': size=120000Kb used=253Kb max_used=253Kb free=119747Kb
 bounds [0x00000245615c0000, 0x0000024561830000, 0x0000024568af0000]
CodeHeap 'profiled nmethods': size=120000Kb used=1570Kb max_used=1570Kb free=118429Kb
 bounds [0x000002455a090000, 0x000002455a300000, 0x00000245615c0000]
CodeHeap 'non-nmethods': size=5760Kb used=1291Kb max_used=1306Kb free=4468Kb
 bounds [0x0000024559af0000, 0x0000024559d60000, 0x000002455a090000]
 total_blobs=1894 nmethods=941 adapters=490
 compilation: enabled
              stopped_count=0, restarted_count=0
 full_count=0

Compilation events (20 events):
Event: 9.470 Thread 0x0000024570447800 nmethod 931 0x000002455a211e10 code [0x000002455a211fa0, 0x000002455a212118]
Event: 9.493 Thread 0x0000024570447800  932       3       java.awt.Component::isShowing (38 bytes)
Event: 9.494 Thread 0x0000024570447800 nmethod 932 0x000002455a212190 code [0x000002455a212340, 0x000002455a2126b0]
Event: 9.494 Thread 0x0000024570447800  933       3       sun.java2d.pipe.Region::getIntersectionXYXY (108 bytes)
Event: 9.494 Thread 0x0000024570447800 nmethod 933 0x000002455a212790 code [0x000002455a2129e0, 0x000002455a213300]
Event: 9.494 Thread 0x0000024570447800  934       3       sun.java2d.pipe.Region::isInsideXYXY (39 bytes)
Event: 9.494 Thread 0x0000024570447800 nmethod 934 0x000002455a213610 code [0x000002455a2137c0, 0x000002455a213a58]
Event: 9.517 Thread 0x0000024570447800  935       3       sun.awt.AWTAccessor::getAWTEventAccessor (18 bytes)
Event: 9.517 Thread 0x0000024570447800 nmethod 935 0x000002455a213b10 code [0x000002455a213ce0, 0x000002455a213f50]
Event: 9.517 Thread 0x0000024570447800  936       3       java.awt.Toolkit::getEventQueue (7 bytes)
Event: 9.518 Thread 0x0000024570447800 nmethod 936 0x000002455a214010 code [0x000002455a2141c0, 0x000002455a214400]
Event: 9.518 Thread 0x0000024570447800  937       3       sun.awt.SunToolkit::getSystemEventQueueImpl (4 bytes)
Event: 9.518 Thread 0x0000024570447800 nmethod 937 0x000002455a214510 code [0x000002455a2146e0, 0x000002455a214aa0]
Event: 9.525 Thread 0x0000024570447800  938       3       sun.awt.SunToolkit::setSystemGenerated (10 bytes)
Event: 9.525 Thread 0x0000024570447800 nmethod 938 0x000002455a214c10 code [0x000002455a214de0, 0x000002455a215170]
Event: 9.525 Thread 0x0000024570447800  939       3       java.awt.AWTEvent$1::setSystemGenerated (6 bytes)
Event: 9.525 Thread 0x0000024570447800 nmethod 939 0x000002455a215310 code [0x000002455a2154c0, 0x000002455a215658]
Event: 9.525 Thread 0x0000024570447800  940       3       sun.awt.SunToolkit::postEvent (144 bytes)
Event: 9.525 Thread 0x0000024570439800  941   !   4       sun.awt.AppContext::get (123 bytes)
Event: 9.527 Thread 0x0000024570447800 nmethod 940 0x000002455a215710 code [0x000002455a215ac0, 0x000002455a217950]

GC Heap History (0 events):
No events

Deoptimization events (20 events):
Event: 0.118 Thread 0x000002454fe1c000 Uncommon trap: trap_request=0xffffff45 fr.pc=0x00000245615c5420 relative=0x0000000000000200
Event: 0.118 Thread 0x000002454fe1c000 Uncommon trap: reason=unstable_if action=reinterpret pc=0x00000245615c5420 method=java.lang.String.hashCode()I @ 42 c2
Event: 0.118 Thread 0x000002454fe1c000 DEOPT PACKING pc=0x00000245615c5420 sp=0x00000064c1ffdd70
Event: 0.118 Thread 0x000002454fe1c000 DEOPT UNPACKING pc=0x0000024559b3912f sp=0x00000064c1ffdd08 mode 2
Event: 2.144 Thread 0x00000245717f5800 Uncommon trap: trap_request=0xffffffde fr.pc=0x00000245615e1344 relative=0x00000000000001a4
Event: 2.144 Thread 0x00000245717f5800 Uncommon trap: reason=class_check action=maybe_recompile pc=0x00000245615e1344 method=java.lang.String.equals(Ljava/lang/Object;)Z @ 8 c2
Event: 2.144 Thread 0x00000245717f5800 DEOPT PACKING pc=0x00000245615e1344 sp=0x00000064c33fd890
Event: 2.144 Thread 0x00000245717f5800 DEOPT UNPACKING pc=0x0000024559b3912f sp=0x00000064c33fd838 mode 2
Event: 3.745 Thread 0x00000245717f5800 Uncommon trap: trap_request=0xffffffde fr.pc=0x00000245615e1344 relative=0x00000000000001a4
Event: 3.745 Thread 0x00000245717f5800 Uncommon trap: reason=class_check action=maybe_recompile pc=0x00000245615e1344 method=java.lang.String.equals(Ljava/lang/Object;)Z @ 8 c2
Event: 3.745 Thread 0x00000245717f5800 DEOPT PACKING pc=0x00000245615e1344 sp=0x00000064c33fd9d0
Event: 3.745 Thread 0x00000245717f5800 DEOPT UNPACKING pc=0x0000024559b3912f sp=0x00000064c33fd978 mode 2
Event: 3.745 Thread 0x00000245717f5800 Uncommon trap: trap_request=0xffffffde fr.pc=0x00000245615e1344 relative=0x00000000000001a4
Event: 3.745 Thread 0x00000245717f5800 Uncommon trap: reason=class_check action=maybe_recompile pc=0x00000245615e1344 method=java.lang.String.equals(Ljava/lang/Object;)Z @ 8 c2
Event: 3.745 Thread 0x00000245717f5800 DEOPT PACKING pc=0x00000245615e1344 sp=0x00000064c33fd9d0
Event: 3.745 Thread 0x00000245717f5800 DEOPT UNPACKING pc=0x0000024559b3912f sp=0x00000064c33fd978 mode 2
Event: 4.106 Thread 0x00000245717f5800 Uncommon trap: trap_request=0xffffffde fr.pc=0x00000245615e1344 relative=0x00000000000001a4
Event: 4.106 Thread 0x00000245717f5800 Uncommon trap: reason=class_check action=maybe_recompile pc=0x00000245615e1344 method=java.lang.String.equals(Ljava/lang/Object;)Z @ 8 c2
Event: 4.106 Thread 0x00000245717f5800 DEOPT PACKING pc=0x00000245615e1344 sp=0x00000064c33fd9d0
Event: 4.106 Thread 0x00000245717f5800 DEOPT UNPACKING pc=0x0000024559b3912f sp=0x00000064c33fd978 mode 2

Classes unloaded (0 events):
No events

Classes redefined (0 events):
No events

Internal exceptions (12 events):
Event: 0.194 Thread 0x000002454fe1c000 Exception <a 'java/lang/ClassNotFoundException'{0x0000000089448f10}: sun/awt/resources/spi/awtProvider> (0x0000000089448f10) 
thrown [t:/workspace/open/src/hotspot/share/classfile/systemDictionary.cpp, line 232]
Event: 0.331 Thread 0x000002454fe1c000 Exception <a 'java/io/FileNotFoundException'{0x000000008949e2c8}> (0x000000008949e2c8) 
thrown [t:/workspace/open/src/hotspot/share/prims/jni.cpp, line 598]
Event: 0.430 Thread 0x000002454fe1c000 Exception <a 'java/io/FileNotFoundException'{0x00000000894c4818}> (0x00000000894c4818) 
thrown [t:/workspace/open/src/hotspot/share/prims/jni.cpp, line 598]
Event: 0.663 Thread 0x0000024571127800 Exception <a 'java/lang/NoSuchMethodError'{0x000000008934d1e8}: 'void java.lang.invoke.DirectMethodHandle$Holder.invokeSpecial(java.lang.Object, java.lang.Object)'> (0x000000008934d1e8) 
thrown [t:/workspace/open/src/hotspot/share/interpreter/linkResolver.cpp, line 767]
Event: 0.713 Thread 0x000002454fe1c000 Exception <a 'java/lang/NoSuchMethodError'{0x00000000893cdb00}: 'java.lang.Object java.lang.invoke.DirectMethodHandle$Holder.invokeStatic(java.lang.Object, int, java.lang.Object, java.lang.Object, java.lang.Object, java.lang.Object)'> (0x00000000893cdb00) 
thrown [t:/workspace/open/src/hotspot/share/interpreter/linkResolver.cpp, line 767]
Event: 0.714 Thread 0x000002454fe1c000 Exception <a 'java/lang/NoSuchMethodError'{0x00000000893d4460}: 'java.lang.Object java.lang.invoke.DirectMethodHandle$Holder.invokeStatic(java.lang.Object, int, java.lang.Object, java.lang.Object, java.lang.Object)'> (0x00000000893d4460) 
thrown [t:/workspace/open/src/hotspot/share/interpreter/linkResolver.cpp, line 767]
Event: 0.715 Thread 0x000002454fe1c000 Exception <a 'java/lang/NoSuchMethodError'{0x00000000893d7f20}: 'java.lang.Object java.lang.invoke.DirectMethodHandle$Holder.invokeSpecial(java.lang.Object, java.lang.Object, int, java.lang.Object, java.lang.Object, java.lang.Object)'> (0x00000000893d7f20) 
thrown [t:/workspace/open/src/hotspot/share/interpreter/linkResolver.cpp, line 767]
Event: 0.719 Thread 0x000002454fe1c000 Exception <a 'java/lang/NoSuchMethodError'{0x00000000893ee248}: 'java.lang.Object java.lang.invoke.DirectMethodHandle$Holder.invokeStatic(java.lang.Object, int, java.lang.Object)'> (0x00000000893ee248) 
thrown [t:/workspace/open/src/hotspot/share/interpreter/linkResolver.cpp, line 767]
Event: 0.769 Thread 0x000002454fe1c000 Exception <a 'java/lang/ClassNotFoundException'{0x0000000089291cf8}: com/sun/swing/internal/plaf/metal/resources/spi/metalProvider> (0x0000000089291cf8) 
thrown [t:/workspace/open/src/hotspot/share/classfile/systemDictionary.cpp, line 232]
Event: 0.771 Thread 0x000002454fe1c000 Exception <a 'java/lang/ClassNotFoundException'{0x0000000089295dc0}: com/sun/swing/internal/plaf/basic/resources/spi/basicProvider> (0x0000000089295dc0) 
thrown [t:/workspace/open/src/hotspot/share/classfile/systemDictionary.cpp, line 232]
Event: 0.957 Thread 0x000002454fe1c000 Exception <a 'java/lang/NoSuchMethodError'{0x000000008914bd50}: 'void java.lang.invoke.DirectMethodHandle$Holder.invokeStaticInit(java.lang.Object)'> (0x000000008914bd50) 
thrown [t:/workspace/open/src/hotspot/share/interpreter/linkResolver.cpp, line 767]
Event: 1.018 Thread 0x000002454fe1c000 Exception <a 'java/lang/NoSuchMethodError'{0x00000000891a1bb8}: 'java.lang.Object java.lang.invoke.Invokers$Holder.linkToTargetMethod(java.lang.Object, int, java.lang.Object)'> (0x00000000891a1bb8) 
thrown [t:/workspace/open/src/hotspot/share/interpreter/linkResolver.cpp, line 767]

Events (20 events):
Event: 3.751 loading class javax/swing/event/UndoableEditEvent
Event: 3.751 loading class javax/swing/event/UndoableEditEvent done
Event: 3.751 loading class javax/swing/text/AbstractDocument$DefaultDocumentEventUndoableWrapper
Event: 3.751 loading class sun/swing/text/UndoableEditLockSupport
Event: 3.751 loading class sun/swing/text/UndoableEditLockSupport done
Event: 3.751 loading class javax/swing/text/AbstractDocument$DefaultDocumentEventUndoableWrapper done
Event: 3.751 loading class javax/swing/event/UndoableEditListener
Event: 3.751 loading class javax/swing/event/UndoableEditListener done
Event: 3.752 loading class javax/swing/RepaintManager$3
Event: 3.752 loading class javax/swing/RepaintManager$3 done
Event: 4.998 Loaded shared library C:\Program Files\Java\jdk-13.0.2\bin\java.dll
Event: 4.999 Loaded shared library C:\Program Files\Java\jdk-13.0.2\bin\java.dll
Event: 4.999 Loaded shared library C:\Program Files\Java\jdk-13.0.2\bin\java.dll
Event: 5.000 Loaded shared library C:\Program Files\Java\jdk-13.0.2\bin\java.dll
Event: 5.895 Executing VM operation: RevokeBias
Event: 5.896 Executing VM operation: RevokeBias done
Event: 7.942 Executing VM operation: RevokeBias
Event: 7.942 Executing VM operation: RevokeBias done
Event: 9.373 Executing VM operation: RevokeBias
Event: 9.373 Executing VM operation: RevokeBias done


Dynamic libraries:
0x00007ff6af240000 - 0x00007ff6af24f000 	C:\Program Files\Java\jdk-13.0.2\bin\javaw.exe
0x00007ffe36100000 - 0x00007ffe362f0000 	C:\Windows\SYSTEM32\ntdll.dll
0x00007ffe35dd0000 - 0x00007ffe35e82000 	C:\Windows\System32\KERNEL32.DLL
0x00007ffe33230000 - 0x00007ffe334d4000 	C:\Windows\System32\KERNELBASE.dll
0x00007ffe33560000 - 0x00007ffe3365a000 	C:\Windows\System32\ucrtbase.dll
0x00007ffe22970000 - 0x00007ffe22988000 	C:\Program Files\Java\jdk-13.0.2\bin\jli.dll
0x00007ffe35b80000 - 0x00007ffe35c23000 	C:\Windows\System32\ADVAPI32.dll
0x00007ffe35e90000 - 0x00007ffe35f2e000 	C:\Windows\System32\msvcrt.dll
0x00007ffe34290000 - 0x00007ffe34327000 	C:\Windows\System32\sechost.dll
0x00007ffe355f0000 - 0x00007ffe35710000 	C:\Windows\System32\RPCRT4.dll
0x00007ffe35c30000 - 0x00007ffe35dc4000 	C:\Windows\System32\USER32.dll
0x00007ffe334e0000 - 0x00007ffe33501000 	C:\Windows\System32\win32u.dll
0x00007ffe347a0000 - 0x00007ffe347c6000 	C:\Windows\System32\GDI32.dll
0x00007ffe33090000 - 0x00007ffe33224000 	C:\Windows\System32\gdi32full.dll
0x00007ffe33660000 - 0x00007ffe336fe000 	C:\Windows\System32\msvcp_win.dll
0x00007ffe22380000 - 0x00007ffe22604000 	C:\Windows\WinSxS\amd64_microsoft.windows.common-controls_6595b64144ccf1df_6.0.18362.836_none_e6c4b943130f18ed\COMCTL32.dll
0x00007ffe349e0000 - 0x00007ffe34d16000 	C:\Windows\System32\combase.dll
0x00007ffe33fd0000 - 0x00007ffe34050000 	C:\Windows\System32\bcryptPrimitives.dll
0x00007ffe26720000 - 0x00007ffe2672a000 	C:\Windows\SYSTEM32\VERSION.dll
0x00007ffe15da0000 - 0x00007ffe15db5000 	C:\Program Files\Java\jdk-13.0.2\bin\VCRUNTIME140.dll
0x00007ffe36090000 - 0x00007ffe360be000 	C:\Windows\System32\IMM32.DLL
0x00007ffdfe2c0000 - 0x00007ffdfe35b000 	C:\Program Files\Java\jdk-13.0.2\bin\msvcp140.dll
0x00007ffdd7510000 - 0x00007ffdd806d000 	C:\Program Files\Java\jdk-13.0.2\bin\server\jvm.dll
0x00007ffe346b0000 - 0x00007ffe346b8000 	C:\Windows\System32\PSAPI.DLL
0x00007ffe20980000 - 0x00007ffe20989000 	C:\Windows\SYSTEM32\WSOCK32.dll
0x00007ffe346c0000 - 0x00007ffe3472f000 	C:\Windows\System32\WS2_32.dll
0x00007ffe2a5f0000 - 0x00007ffe2a614000 	C:\Windows\SYSTEM32\WINMM.dll
0x00007ffe2a5c0000 - 0x00007ffe2a5ed000 	C:\Windows\SYSTEM32\WINMMBASE.dll
0x00007ffe34160000 - 0x00007ffe341aa000 	C:\Windows\System32\cfgmgr32.dll
0x00007ffe32fd0000 - 0x00007ffe32fe1000 	C:\Windows\System32\kernel.appcore.dll
0x00007ffe2d4e0000 - 0x00007ffe2d4f0000 	C:\Program Files\Java\jdk-13.0.2\bin\verify.dll
0x00007ffe206f0000 - 0x00007ffe208e4000 	C:\Windows\SYSTEM32\DBGHELP.DLL
0x00007ffe20580000 - 0x00007ffe205aa000 	C:\Windows\SYSTEM32\dbgcore.DLL
0x00007ffe0a540000 - 0x00007ffe0a566000 	C:\Program Files\Java\jdk-13.0.2\bin\java.dll
0x00007ffe25460000 - 0x00007ffe25477000 	C:\Program Files\Java\jdk-13.0.2\bin\zip.dll
0x00007ffe2d4d0000 - 0x00007ffe2d4da000 	C:\Program Files\Java\jdk-13.0.2\bin\jimage.dll
0x00007ffe34ee0000 - 0x00007ffe355c4000 	C:\Windows\System32\SHELL32.dll
0x00007ffe34580000 - 0x00007ffe34629000 	C:\Windows\System32\shcore.dll
0x00007ffe33700000 - 0x00007ffe33e7e000 	C:\Windows\System32\windows.storage.dll
0x00007ffe33060000 - 0x00007ffe33083000 	C:\Windows\System32\profapi.dll
0x00007ffe32ff0000 - 0x00007ffe3303a000 	C:\Windows\System32\powrprof.dll
0x00007ffe32fc0000 - 0x00007ffe32fd0000 	C:\Windows\System32\UMPDC.dll
0x00007ffe347d0000 - 0x00007ffe34822000 	C:\Windows\System32\shlwapi.dll
0x00007ffe33540000 - 0x00007ffe33557000 	C:\Windows\System32\cryptsp.dll
0x00007ffe22dc0000 - 0x00007ffe22dd9000 	C:\Program Files\Java\jdk-13.0.2\bin\net.dll
0x00007ffe2b0a0000 - 0x00007ffe2b190000 	C:\Windows\SYSTEM32\WINHTTP.dll
0x00007ffe32830000 - 0x00007ffe32897000 	C:\Windows\system32\mswsock.dll
0x00007ffe22ad0000 - 0x00007ffe22ae3000 	C:\Program Files\Java\jdk-13.0.2\bin\nio.dll
0x00007ffde8160000 - 0x00007ffde82f9000 	C:\Program Files\Java\jdk-13.0.2\bin\awt.dll
0x00007ffe343e0000 - 0x00007ffe344a4000 	C:\Windows\System32\OLEAUT32.dll
0x00007ffe31060000 - 0x00007ffe310ef000 	C:\Windows\SYSTEM32\apphelp.dll
0x00007ffe31660000 - 0x00007ffe3168d000 	C:\Windows\system32\DWMAPI.DLL
0x00007ffe31150000 - 0x00007ffe311e9000 	C:\Windows\system32\uxtheme.dll
0x00007ffe227c0000 - 0x00007ffe22916000 	C:\Windows\system32\opengl32.dll
0x00007ffe22eb0000 - 0x00007ffe22edc000 	C:\Windows\SYSTEM32\GLU32.dll
0x00007ffe31c30000 - 0x00007ffe31c50000 	C:\Windows\SYSTEM32\dxcore.dll
0x00007ffe34da0000 - 0x00007ffe34ed6000 	C:\Windows\System32\MSCTF.dll
0x00007ffe35f30000 - 0x00007ffe36087000 	C:\Windows\System32\ole32.dll
0x00007ffdfdb30000 - 0x00007ffdfdbb2000 	C:\Program Files\Java\jdk-13.0.2\bin\freetype.dll
0x00007ffdf8f20000 - 0x00007ffdf8fc6000 	C:\Program Files\Java\jdk-13.0.2\bin\fontmanager.dll
0x00007ffe34330000 - 0x00007ffe343d2000 	C:\Windows\System32\clbcatq.dll
0x00007ffe29dc0000 - 0x00007ffe29f6f000 	C:\Windows\SYSTEM32\WindowsCodecs.dll
0x00007ffe15130000 - 0x00007ffe1516a000 	C:\Windows\system32\dataexchange.dll
0x00007ffe30240000 - 0x00007ffe3049b000 	C:\Windows\system32\d3d11.dll
0x00007ffe30900000 - 0x00007ffe30adc000 	C:\Windows\system32\dcomp.dll
0x00007ffe31cc0000 - 0x00007ffe31dab000 	C:\Windows\system32\dxgi.dll
0x00007ffe31330000 - 0x00007ffe31591000 	C:\Windows\system32\twinapi.appcore.dll
0x00007ffe31920000 - 0x00007ffe31949000 	C:\Windows\system32\RMCLIENT.dll
0x00007ffe24f10000 - 0x00007ffe24fae000 	C:\Windows\System32\TextInputFramework.dll
0x00007ffe29f70000 - 0x00007ffe2a29a000 	C:\Windows\System32\CoreUIComponents.dll
0x00007ffe30ae0000 - 0x00007ffe30bb4000 	C:\Windows\System32\CoreMessaging.dll
0x00007ffe32020000 - 0x00007ffe32051000 	C:\Windows\SYSTEM32\ntmarta.dll
0x00007ffe2eca0000 - 0x00007ffe2edf3000 	C:\Windows\SYSTEM32\wintypes.dll
0x00007ffe24b10000 - 0x00007ffe24db6000 	C:\Windows\System32\iertutil.dll

dbghelp: loaded successfully - version: 4.0.5 - missing functions: none
symbol engine: initialized successfully - sym options: 0x614 - pdb path: .;C:\Program Files\Java\jdk-13.0.2\bin;C:\Windows\SYSTEM32;C:\Windows\WinSxS\amd64_microsoft.windows.common-controls_6595b64144ccf1df_6.0.18362.836_none_e6c4b943130f18ed;C:\Program Files\Java\jdk-13.0.2\bin\server

VM Arguments:
jvm_args: -Dfile.encoding=UTF-8 
java_command: test
java_class_path (initial): E:\s6 IID\java\projet\Nouveau dossier\Gestion_Projet_Academique\bin;C:\Users\abdel\OneDrive\Bureau\projet java ns\mysql-connector-java-8.0.19.jar;C:\Users\abdel\OneDrive\Bureau\projet java ns\jcalendar-1.4\jcalendar-1.4.jar
Launcher Type: SUN_STANDARD

[Global flags]
     intx CICompilerCount                          = 3                                         {product} {ergonomic}
     uint ConcGCThreads                            = 1                                         {product} {ergonomic}
     uint G1ConcRefinementThreads                  = 4                                         {product} {ergonomic}
   size_t G1HeapRegionSize                         = 1048576                                   {product} {ergonomic}
    uintx GCDrainStackTargetSize                   = 64                                        {product} {ergonomic}
   size_t InitialHeapSize                          = 134217728                                 {product} {ergonomic}
   size_t MarkStackSize                            = 4194304                                   {product} {ergonomic}
   size_t MaxHeapSize                              = 2124414976                                {product} {ergonomic}
   size_t MaxNewSize                               = 1274019840                                {product} {ergonomic}
   size_t MinHeapDeltaBytes                        = 1048576                                   {product} {ergonomic}
   size_t MinHeapSize                              = 8388608                                   {product} {ergonomic}
    uintx NonNMethodCodeHeapSize                   = 5832780                                {pd product} {ergonomic}
    uintx NonProfiledCodeHeapSize                  = 122912730                              {pd product} {ergonomic}
    uintx ProfiledCodeHeapSize                     = 122912730                              {pd product} {ergonomic}
    uintx ReservedCodeCacheSize                    = 251658240                              {pd product} {ergonomic}
     bool SegmentedCodeCache                       = true                                      {product} {ergonomic}
   size_t SoftMaxHeapSize                          = 2124414976                             {manageable} {ergonomic}
     bool UseCompressedClassPointers               = true                                 {lp64_product} {ergonomic}
     bool UseCompressedOops                        = true                                 {lp64_product} {ergonomic}
     bool UseG1GC                                  = true                                      {product} {ergonomic}
     bool UseLargePagesIndividualAllocation        = false                                  {pd product} {ergonomic}

Logging:
Log output configuration:
 #0: stdout all=warning uptime,level,tags
 #1: stderr all=off uptime,level,tags

Environment Variables:
PATH=C:/Program Files/Java/jdk-13.0.2/bin/server;C:/Program Files/Java/jdk-13.0.2/bin;C:\app\abdel\product\18.0.0\dbhomeXE\bin;C:\Windows\system32;C:\Windows;C:\Windows\System32\Wbem;C:\Windows\System32\WindowsPowerShell\v1.0\;C:\Windows\System32\OpenSSH\;C:\Program Files\MiKTeX 2.9\miktex\bin\x64\;C:\Users\abdel\AppData\Local\Microsoft\WindowsApps;;C:\Users\abdel\AppData\Local\Programs\Microsoft VS Code\bin;C:\Windows\System32;
USERNAME=abdel
OS=Windows_NT
PROCESSOR_IDENTIFIER=Intel64 Family 6 Model 69 Stepping 1, GenuineIntel



---------------  S Y S T E M  ---------------

OS: Windows 10 , 64 bit Build 18362 (10.0.18362.778)

CPU:total 4 (initial active 4) (2 cores per cpu, 2 threads per core) family 6 model 69 stepping 1, cmov, cx8, fxsr, mmx, sse, sse2, sse3, ssse3, sse4.1, sse4.2, popcnt, avx, avx2, aes, clmul, erms, lzcnt, ht, tsc, tscinvbit, bmi1, bmi2, fma

Memory: 4k page, system-wide physical 8097M (687M free)
TotalPageFile size 26797M (AvailPageFile size 0M)
current process WorkingSet (physical memory assigned to process): 60M, peak: 60M
current process commit charge ("private bytes"): 218M, peak: 218M

vm_info: Java HotSpot(TM) 64-Bit Server VM (13.0.2+8) for windows-amd64 JRE (13.0.2+8), built on Dec 11 2019 09:20:33 by "mach5one" with unknown MS VC++:1916

END.
