#
# There is insufficient memory for the Java Runtime Environment to continue.
# Native memory allocation (malloc) failed to allocate 1048576 bytes for AllocateHeap
# Possible reasons:
#   The system is out of physical RAM or swap space
#   The process is running with CompressedOops enabled, and the Java Heap may be blocking the growth of the native heap
# Possible solutions:
#   Reduce memory load on the system
#   Increase physical memory or swap space
#   Check if swap backing store is full
#   Decrease Java heap size (-Xmx/-Xms)
#   Decrease number of Java threads
#   Decrease Java thread stack sizes (-Xss)
#   Set larger code cache with -XX:ReservedCodeCacheSize=
#   JVM is running with Unscaled Compressed Oops mode in which the Java heap is
#     placed in the first 4GB address space. The Java Heap base address is the
#     maximum limit for the native heap growth. Please use -XX:HeapBaseMinAddress
#     to set the Java Heap base and to place the Java Heap above 4GB virtual address.
# This output file may be truncated or incomplete.
#
#  Out of Memory Error (t:/workspace/open/src/hotspot/share/memory/allocation.cpp:45), pid=3056, tid=6212
#
# JRE version: Java(TM) SE Runtime Environment (13.0.2+8) (build 13.0.2+8)
# Java VM: Java HotSpot(TM) 64-Bit Server VM (13.0.2+8, mixed mode, tiered, compressed oops, g1 gc, windows-amd64)
# No core dump will be written. Minidumps are not enabled by default on client versions of Windows
#

---------------  S U M M A R Y ------------

Command Line: -Dfile.encoding=UTF-8 test

Host: Intel(R) Core(TM) i7-4600U CPU @ 2.10GHz, 4 cores, 7G,  Windows 10 , 64 bit Build 18362 (10.0.18362.778)
Time: Wed Jun  3 01:21:03 2020 Maroc (heure d?été) elapsed time: 0 seconds (0d 0h 0m 0s)

---------------  T H R E A D  ---------------

Current thread (0x00000231de4a2800):  VMThread "VM Thread" [stack: 0x000000a77be00000,0x000000a77bf00000] [id=6212]

Stack: [0x000000a77be00000,0x000000a77bf00000]
[error occurred during error reporting (printing stack bounds), id 0xc0000005, EXCEPTION_ACCESS_VIOLATION (0xc0000005) at pc=0x00000231c84310ad]

Native frames: (J=compiled Java code, j=interpreted, Vv=VM code, C=native code)
V  [jvm.dll+0x624f9a]
V  [jvm.dll+0x770cfa]
V  [jvm.dll+0x7724af]
V  [jvm.dll+0x772a15]
V  [jvm.dll+0x7729cb]
V  [jvm.dll+0x6244df]
C  [ntdll.dll+0x785b6]
C  [ntdll.dll+0x6a056]
C  [ntdll.dll+0x9fe3e]
C  0x00000231c84310ad

VM_Operation (0x000000a77b8fabe0): CollectForMetadataAllocation, mode: safepoint, requested by thread 0x00000231bff2b000


---------------  P R O C E S S  ---------------

Threads class SMR info:
_java_thread_list=0x00000231df2629c0, length=10, elements={
0x00000231bff2b000, 0x00000231df0d2800, 0x00000231de4b0800, 0x00000231df0f5000,
0x00000231de4b9800, 0x00000231de4bd800, 0x00000231df0ea000, 0x00000231df0eb800,
0x00000231df269000, 0x00000231df287000
}

Java Threads: ( => current thread )
  0x00000231bff2b000 JavaThread "main" [_thread_blocked, id=4832, stack(0x000000a77b800000,0x000000a77b900000)]
  0x00000231df0d2800 JavaThread "Reference Handler" daemon [_thread_blocked, id=13184, stack(0x000000a77bf00000,0x000000a77c000000)]
  0x00000231de4b0800 JavaThread "Finalizer" daemon [_thread_blocked, id=4120, stack(0x000000a77c000000,0x000000a77c100000)]
  0x00000231df0f5000 JavaThread "Signal Dispatcher" daemon [_thread_blocked, id=11404, stack(0x000000a77c100000,0x000000a77c200000)]
  0x00000231de4b9800 JavaThread "Attach Listener" daemon [_thread_blocked, id=22936, stack(0x000000a77c200000,0x000000a77c300000)]
  0x00000231de4bd800 JavaThread "C2 CompilerThread0" daemon [_thread_blocked, id=5948, stack(0x000000a77c300000,0x000000a77c400000)]
  0x00000231df0ea000 JavaThread "C1 CompilerThread0" daemon [_thread_blocked, id=17068, stack(0x000000a77c400000,0x000000a77c500000)]
  0x00000231df0eb800 JavaThread "Sweeper thread" daemon [_thread_blocked, id=1544, stack(0x000000a77c500000,0x000000a77c600000)]
  0x00000231df269000 JavaThread "Service Thread" daemon [_thread_blocked, id=12020, stack(0x000000a77c600000,0x000000a77c700000)]
  0x00000231df287000 JavaThread "Common-Cleaner" daemon [_thread_blocked, id=9680, stack(0x000000a77c800000,0x000000a77c900000)]

Other Threads:
=>0x00000231de4a2800 VMThread "VM Thread" [stack: 0x000000a77be00000,0x000000a77bf00000] [id=6212]
  0x00000231df272800 WatcherThread [stack: 0x000000a77c700000,0x000000a77c800000] [id=4440]
  0x00000231bff6d000 GCTaskThread "GC Thread#0" [stack: 0x000000a77b900000,0x000000a77ba00000] [id=6524]
  0x00000231df2f0800 GCTaskThread "GC Thread#1" [stack: 0x000000a77c900000,0x000000a77ca00000] [id=13480]
  0x00000231df2f3000 GCTaskThread "GC Thread#2" [stack: 0x000000a77ca00000,0x000000a77cb00000] [id=23976]
  0x00000231bff80800 ConcurrentGCThread "G1 Main Marker" [stack: 0x000000a77ba00000,0x000000a77bb00000] [id=10128]
  0x00000231bff82000 ConcurrentGCThread "G1 Conc#0" [stack: 0x000000a77bb00000,0x000000a77bc00000] [id=17676]
  0x00000231de2d2800 ConcurrentGCThread "G1 Refine#0" [stack: 0x000000a77bc00000,0x000000a77bd00000] [id=13796]
  0x00000231de2d3000 ConcurrentGCThread "G1 Young RemSet Sampling" [stack: 0x000000a77bd00000,0x000000a77be00000] [id=12952]

Threads with active compile tasks:

VM state:at safepoint (normal execution)

VM Mutex/Monitor currently owned by a thread:  ([mutex/lock_event])
[0x00000231bff28480] Threads_lock - owner thread: 0x00000231de4a2800
[0x00000231bff27700] Heap_lock - owner thread: 0x00000231bff2b000

Heap address: 0x0000000081600000, size: 2026 MB, Compressed Oops mode: 32-bit
Narrow klass base: 0x0000000000000000, Narrow klass shift: 3
Compressed class space size: 1073741824 Address: 0x0000000100000000

Heap:
 garbage-first heap   total 131072K, used 605K [0x0000000081600000, 0x0000000100000000)
  region size 1024K, 1 young (1024K), 1 survivors (1024K)
 Metaspace       used 4990K, capacity 5050K, committed 5120K, reserved 1075200K
  class space    used 441K, capacity 490K, committed 512K, reserved 1048576K
Heap Regions: E=young(eden), S=young(survivor), O=old, HS=humongous(starts), HC=humongous(continues), CS=collection set, F=free, A=archive, TAMS=top-at-mark-start (previous, next)
|   0|0x0000000081600000, 0x0000000081600000, 0x0000000081700000|  0%| F|  |TAMS 0x0000000081600000, 0x0000000081600000| Untracked 
|   1|0x0000000081700000, 0x0000000081700000, 0x0000000081800000|  0%| F|  |TAMS 0x0000000081700000, 0x0000000081700000| Untracked 
|   2|0x0000000081800000, 0x0000000081800000, 0x0000000081900000|  0%| F|  |TAMS 0x0000000081800000, 0x0000000081800000| Untracked 
|   3|0x0000000081900000, 0x0000000081900000, 0x0000000081a00000|  0%| F|  |TAMS 0x0000000081900000, 0x0000000081900000| Untracked 
|   4|0x0000000081a00000, 0x0000000081a00000, 0x0000000081b00000|  0%| F|  |TAMS 0x0000000081a00000, 0x0000000081a00000| Untracked 
|   5|0x0000000081b00000, 0x0000000081b00000, 0x0000000081c00000|  0%| F|  |TAMS 0x0000000081b00000, 0x0000000081b00000| Untracked 
|   6|0x0000000081c00000, 0x0000000081c00000, 0x0000000081d00000|  0%| F|  |TAMS 0x0000000081c00000, 0x0000000081c00000| Untracked 
|   7|0x0000000081d00000, 0x0000000081d00000, 0x0000000081e00000|  0%| F|  |TAMS 0x0000000081d00000, 0x0000000081d00000| Untracked 
|   8|0x0000000081e00000, 0x0000000081e00000, 0x0000000081f00000|  0%| F|  |TAMS 0x0000000081e00000, 0x0000000081e00000| Untracked 
|   9|0x0000000081f00000, 0x0000000081f00000, 0x0000000082000000|  0%| F|  |TAMS 0x0000000081f00000, 0x0000000081f00000| Untracked 
|  10|0x0000000082000000, 0x0000000082000000, 0x0000000082100000|  0%| F|  |TAMS 0x0000000082000000, 0x0000000082000000| Untracked 
|  11|0x0000000082100000, 0x0000000082100000, 0x0000000082200000|  0%| F|  |TAMS 0x0000000082100000, 0x0000000082100000| Untracked 
|  12|0x0000000082200000, 0x0000000082200000, 0x0000000082300000|  0%| F|  |TAMS 0x0000000082200000, 0x0000000082200000| Untracked 
|  13|0x0000000082300000, 0x0000000082300000, 0x0000000082400000|  0%| F|  |TAMS 0x0000000082300000, 0x0000000082300000| Untracked 
|  14|0x0000000082400000, 0x0000000082400000, 0x0000000082500000|  0%| F|  |TAMS 0x0000000082400000, 0x0000000082400000| Untracked 
|  15|0x0000000082500000, 0x0000000082500000, 0x0000000082600000|  0%| F|  |TAMS 0x0000000082500000, 0x0000000082500000| Untracked 
|  16|0x0000000082600000, 0x0000000082600000, 0x0000000082700000|  0%| F|  |TAMS 0x0000000082600000, 0x0000000082600000| Untracked 
|  17|0x0000000082700000, 0x0000000082700000, 0x0000000082800000|  0%| F|  |TAMS 0x0000000082700000, 0x0000000082700000| Untracked 
|  18|0x0000000082800000, 0x0000000082800000, 0x0000000082900000|  0%| F|  |TAMS 0x0000000082800000, 0x0000000082800000| Untracked 
|  19|0x0000000082900000, 0x0000000082900000, 0x0000000082a00000|  0%| F|  |TAMS 0x0000000082900000, 0x0000000082900000| Untracked 
|  20|0x0000000082a00000, 0x0000000082a00000, 0x0000000082b00000|  0%| F|  |TAMS 0x0000000082a00000, 0x0000000082a00000| Untracked 
|  21|0x0000000082b00000, 0x0000000082b00000, 0x0000000082c00000|  0%| F|  |TAMS 0x0000000082b00000, 0x0000000082b00000| Untracked 
|  22|0x0000000082c00000, 0x0000000082c00000, 0x0000000082d00000|  0%| F|  |TAMS 0x0000000082c00000, 0x0000000082c00000| Untracked 
|  23|0x0000000082d00000, 0x0000000082d00000, 0x0000000082e00000|  0%| F|  |TAMS 0x0000000082d00000, 0x0000000082d00000| Untracked 
|  24|0x0000000082e00000, 0x0000000082e00000, 0x0000000082f00000|  0%| F|  |TAMS 0x0000000082e00000, 0x0000000082e00000| Untracked 
|  25|0x0000000082f00000, 0x0000000082f00000, 0x0000000083000000|  0%| F|  |TAMS 0x0000000082f00000, 0x0000000082f00000| Untracked 
|  26|0x0000000083000000, 0x0000000083000000, 0x0000000083100000|  0%| F|  |TAMS 0x0000000083000000, 0x0000000083000000| Untracked 
|  27|0x0000000083100000, 0x0000000083100000, 0x0000000083200000|  0%| F|  |TAMS 0x0000000083100000, 0x0000000083100000| Untracked 
|  28|0x0000000083200000, 0x0000000083200000, 0x0000000083300000|  0%| F|  |TAMS 0x0000000083200000, 0x0000000083200000| Untracked 
|  29|0x0000000083300000, 0x0000000083300000, 0x0000000083400000|  0%| F|  |TAMS 0x0000000083300000, 0x0000000083300000| Untracked 
|  30|0x0000000083400000, 0x0000000083400000, 0x0000000083500000|  0%| F|  |TAMS 0x0000000083400000, 0x0000000083400000| Untracked 
|  31|0x0000000083500000, 0x0000000083500000, 0x0000000083600000|  0%| F|  |TAMS 0x0000000083500000, 0x0000000083500000| Untracked 
|  32|0x0000000083600000, 0x0000000083600000, 0x0000000083700000|  0%| F|  |TAMS 0x0000000083600000, 0x0000000083600000| Untracked 
|  33|0x0000000083700000, 0x0000000083700000, 0x0000000083800000|  0%| F|  |TAMS 0x0000000083700000, 0x0000000083700000| Untracked 
|  34|0x0000000083800000, 0x0000000083800000, 0x0000000083900000|  0%| F|  |TAMS 0x0000000083800000, 0x0000000083800000| Untracked 
|  35|0x0000000083900000, 0x0000000083900000, 0x0000000083a00000|  0%| F|  |TAMS 0x0000000083900000, 0x0000000083900000| Untracked 
|  36|0x0000000083a00000, 0x0000000083a00000, 0x0000000083b00000|  0%| F|  |TAMS 0x0000000083a00000, 0x0000000083a00000| Untracked 
|  37|0x0000000083b00000, 0x0000000083b00000, 0x0000000083c00000|  0%| F|  |TAMS 0x0000000083b00000, 0x0000000083b00000| Untracked 
|  38|0x0000000083c00000, 0x0000000083c00000, 0x0000000083d00000|  0%| F|  |TAMS 0x0000000083c00000, 0x0000000083c00000| Untracked 
|  39|0x0000000083d00000, 0x0000000083d00000, 0x0000000083e00000|  0%| F|  |TAMS 0x0000000083d00000, 0x0000000083d00000| Untracked 
|  40|0x0000000083e00000, 0x0000000083e00000, 0x0000000083f00000|  0%| F|  |TAMS 0x0000000083e00000, 0x0000000083e00000| Untracked 
|  41|0x0000000083f00000, 0x0000000083f00000, 0x0000000084000000|  0%| F|  |TAMS 0x0000000083f00000, 0x0000000083f00000| Untracked 
|  42|0x0000000084000000, 0x0000000084000000, 0x0000000084100000|  0%| F|  |TAMS 0x0000000084000000, 0x0000000084000000| Untracked 
|  43|0x0000000084100000, 0x0000000084100000, 0x0000000084200000|  0%| F|  |TAMS 0x0000000084100000, 0x0000000084100000| Untracked 
|  44|0x0000000084200000, 0x0000000084200000, 0x0000000084300000|  0%| F|  |TAMS 0x0000000084200000, 0x0000000084200000| Untracked 
|  45|0x0000000084300000, 0x0000000084300000, 0x0000000084400000|  0%| F|  |TAMS 0x0000000084300000, 0x0000000084300000| Untracked 
|  46|0x0000000084400000, 0x0000000084400000, 0x0000000084500000|  0%| F|  |TAMS 0x0000000084400000, 0x0000000084400000| Untracked 
|  47|0x0000000084500000, 0x0000000084500000, 0x0000000084600000|  0%| F|  |TAMS 0x0000000084500000, 0x0000000084500000| Untracked 
|  48|0x0000000084600000, 0x0000000084600000, 0x0000000084700000|  0%| F|  |TAMS 0x0000000084600000, 0x0000000084600000| Untracked 
|  49|0x0000000084700000, 0x0000000084700000, 0x0000000084800000|  0%| F|  |TAMS 0x0000000084700000, 0x0000000084700000| Untracked 
|  50|0x0000000084800000, 0x0000000084800000, 0x0000000084900000|  0%| F|  |TAMS 0x0000000084800000, 0x0000000084800000| Untracked 
|  51|0x0000000084900000, 0x0000000084900000, 0x0000000084a00000|  0%| F|  |TAMS 0x0000000084900000, 0x0000000084900000| Untracked 
|  52|0x0000000084a00000, 0x0000000084a00000, 0x0000000084b00000|  0%| F|  |TAMS 0x0000000084a00000, 0x0000000084a00000| Untracked 
|  53|0x0000000084b00000, 0x0000000084b00000, 0x0000000084c00000|  0%| F|  |TAMS 0x0000000084b00000, 0x0000000084b00000| Untracked 
|  54|0x0000000084c00000, 0x0000000084c00000, 0x0000000084d00000|  0%| F|  |TAMS 0x0000000084c00000, 0x0000000084c00000| Untracked 
|  55|0x0000000084d00000, 0x0000000084d00000, 0x0000000084e00000|  0%| F|  |TAMS 0x0000000084d00000, 0x0000000084d00000| Untracked 
|  56|0x0000000084e00000, 0x0000000084e00000, 0x0000000084f00000|  0%| F|  |TAMS 0x0000000084e00000, 0x0000000084e00000| Untracked 
|  57|0x0000000084f00000, 0x0000000084f00000, 0x0000000085000000|  0%| F|  |TAMS 0x0000000084f00000, 0x0000000084f00000| Untracked 
|  58|0x0000000085000000, 0x0000000085000000, 0x0000000085100000|  0%| F|  |TAMS 0x0000000085000000, 0x0000000085000000| Untracked 
|  59|0x0000000085100000, 0x0000000085100000, 0x0000000085200000|  0%| F|  |TAMS 0x0000000085100000, 0x0000000085100000| Untracked 
|  60|0x0000000085200000, 0x0000000085200000, 0x0000000085300000|  0%| F|  |TAMS 0x0000000085200000, 0x0000000085200000| Untracked 
|  61|0x0000000085300000, 0x0000000085300000, 0x0000000085400000|  0%| F|  |TAMS 0x0000000085300000, 0x0000000085300000| Untracked 
|  62|0x0000000085400000, 0x0000000085400000, 0x0000000085500000|  0%| F|  |TAMS 0x0000000085400000, 0x0000000085400000| Untracked 
|  63|0x0000000085500000, 0x0000000085500000, 0x0000000085600000|  0%| F|  |TAMS 0x0000000085500000, 0x0000000085500000| Untracked 
|  64|0x0000000085600000, 0x0000000085600000, 0x0000000085700000|  0%| F|  |TAMS 0x0000000085600000, 0x0000000085600000| Untracked 
|  65|0x0000000085700000, 0x0000000085700000, 0x0000000085800000|  0%| F|  |TAMS 0x0000000085700000, 0x0000000085700000| Untracked 
|  66|0x0000000085800000, 0x0000000085800000, 0x0000000085900000|  0%| F|  |TAMS 0x0000000085800000, 0x0000000085800000| Untracked 
|  67|0x0000000085900000, 0x0000000085900000, 0x0000000085a00000|  0%| F|  |TAMS 0x0000000085900000, 0x0000000085900000| Untracked 
|  68|0x0000000085a00000, 0x0000000085a00000, 0x0000000085b00000|  0%| F|  |TAMS 0x0000000085a00000, 0x0000000085a00000| Untracked 
|  69|0x0000000085b00000, 0x0000000085b00000, 0x0000000085c00000|  0%| F|  |TAMS 0x0000000085b00000, 0x0000000085b00000| Untracked 
|  70|0x0000000085c00000, 0x0000000085c00000, 0x0000000085d00000|  0%| F|  |TAMS 0x0000000085c00000, 0x0000000085c00000| Untracked 
|  71|0x0000000085d00000, 0x0000000085d00000, 0x0000000085e00000|  0%| F|  |TAMS 0x0000000085d00000, 0x0000000085d00000| Untracked 
|  72|0x0000000085e00000, 0x0000000085e00000, 0x0000000085f00000|  0%| F|  |TAMS 0x0000000085e00000, 0x0000000085e00000| Untracked 
|  73|0x0000000085f00000, 0x0000000085f00000, 0x0000000086000000|  0%| F|  |TAMS 0x0000000085f00000, 0x0000000085f00000| Untracked 
|  74|0x0000000086000000, 0x0000000086000000, 0x0000000086100000|  0%| F|  |TAMS 0x0000000086000000, 0x0000000086000000| Untracked 
|  75|0x0000000086100000, 0x0000000086100000, 0x0000000086200000|  0%| F|  |TAMS 0x0000000086100000, 0x0000000086100000| Untracked 
|  76|0x0000000086200000, 0x0000000086200000, 0x0000000086300000|  0%| F|  |TAMS 0x0000000086200000, 0x0000000086200000| Untracked 
|  77|0x0000000086300000, 0x0000000086300000, 0x0000000086400000|  0%| F|  |TAMS 0x0000000086300000, 0x0000000086300000| Untracked 
|  78|0x0000000086400000, 0x0000000086400000, 0x0000000086500000|  0%| F|  |TAMS 0x0000000086400000, 0x0000000086400000| Untracked 
|  79|0x0000000086500000, 0x0000000086500000, 0x0000000086600000|  0%| F|  |TAMS 0x0000000086500000, 0x0000000086500000| Untracked 
|  80|0x0000000086600000, 0x0000000086600000, 0x0000000086700000|  0%| F|  |TAMS 0x0000000086600000, 0x0000000086600000| Untracked 
|  81|0x0000000086700000, 0x0000000086700000, 0x0000000086800000|  0%| F|  |TAMS 0x0000000086700000, 0x0000000086700000| Untracked 
|  82|0x0000000086800000, 0x0000000086800000, 0x0000000086900000|  0%| F|  |TAMS 0x0000000086800000, 0x0000000086800000| Untracked 
|  83|0x0000000086900000, 0x0000000086900000, 0x0000000086a00000|  0%| F|  |TAMS 0x0000000086900000, 0x0000000086900000| Untracked 
|  84|0x0000000086a00000, 0x0000000086a00000, 0x0000000086b00000|  0%| F|  |TAMS 0x0000000086a00000, 0x0000000086a00000| Untracked 
|  85|0x0000000086b00000, 0x0000000086b00000, 0x0000000086c00000|  0%| F|  |TAMS 0x0000000086b00000, 0x0000000086b00000| Untracked 
|  86|0x0000000086c00000, 0x0000000086c00000, 0x0000000086d00000|  0%| F|  |TAMS 0x0000000086c00000, 0x0000000086c00000| Untracked 
|  87|0x0000000086d00000, 0x0000000086d00000, 0x0000000086e00000|  0%| F|  |TAMS 0x0000000086d00000, 0x0000000086d00000| Untracked 
|  88|0x0000000086e00000, 0x0000000086e00000, 0x0000000086f00000|  0%| F|  |TAMS 0x0000000086e00000, 0x0000000086e00000| Untracked 
|  89|0x0000000086f00000, 0x0000000086f00000, 0x0000000087000000|  0%| F|  |TAMS 0x0000000086f00000, 0x0000000086f00000| Untracked 
|  90|0x0000000087000000, 0x0000000087000000, 0x0000000087100000|  0%| F|  |TAMS 0x0000000087000000, 0x0000000087000000| Untracked 
|  91|0x0000000087100000, 0x0000000087100000, 0x0000000087200000|  0%| F|  |TAMS 0x0000000087100000, 0x0000000087100000| Untracked 
|  92|0x0000000087200000, 0x0000000087200000, 0x0000000087300000|  0%| F|  |TAMS 0x0000000087200000, 0x0000000087200000| Untracked 
|  93|0x0000000087300000, 0x0000000087300000, 0x0000000087400000|  0%| F|  |TAMS 0x0000000087300000, 0x0000000087300000| Untracked 
|  94|0x0000000087400000, 0x0000000087400000, 0x0000000087500000|  0%| F|  |TAMS 0x0000000087400000, 0x0000000087400000| Untracked 
|  95|0x0000000087500000, 0x0000000087500000, 0x0000000087600000|  0%| F|  |TAMS 0x0000000087500000, 0x0000000087500000| Untracked 
|  96|0x0000000087600000, 0x0000000087600000, 0x0000000087700000|  0%| F|  |TAMS 0x0000000087600000, 0x0000000087600000| Untracked 
|  97|0x0000000087700000, 0x0000000087700000, 0x0000000087800000|  0%| F|  |TAMS 0x0000000087700000, 0x0000000087700000| Untracked 
|  98|0x0000000087800000, 0x0000000087800000, 0x0000000087900000|  0%| F|  |TAMS 0x0000000087800000, 0x0000000087800000| Untracked 
|  99|0x0000000087900000, 0x0000000087900000, 0x0000000087a00000|  0%| F|  |TAMS 0x0000000087900000, 0x0000000087900000| Untracked 
| 100|0x0000000087a00000, 0x0000000087a00000, 0x0000000087b00000|  0%| F|  |TAMS 0x0000000087a00000, 0x0000000087a00000| Untracked 
| 101|0x0000000087b00000, 0x0000000087b00000, 0x0000000087c00000|  0%| F|  |TAMS 0x0000000087b00000, 0x0000000087b00000| Untracked 
| 102|0x0000000087c00000, 0x0000000087c00000, 0x0000000087d00000|  0%| F|  |TAMS 0x0000000087c00000, 0x0000000087c00000| Untracked 
| 103|0x0000000087d00000, 0x0000000087d00000, 0x0000000087e00000|  0%| F|  |TAMS 0x0000000087d00000, 0x0000000087d00000| Untracked 
| 104|0x0000000087e00000, 0x0000000087e00000, 0x0000000087f00000|  0%| F|  |TAMS 0x0000000087e00000, 0x0000000087e00000| Untracked 
| 105|0x0000000087f00000, 0x0000000087f00000, 0x0000000088000000|  0%| F|  |TAMS 0x0000000087f00000, 0x0000000087f00000| Untracked 
| 106|0x0000000088000000, 0x0000000088000000, 0x0000000088100000|  0%| F|  |TAMS 0x0000000088000000, 0x0000000088000000| Untracked 
| 107|0x0000000088100000, 0x0000000088100000, 0x0000000088200000|  0%| F|  |TAMS 0x0000000088100000, 0x0000000088100000| Untracked 
| 108|0x0000000088200000, 0x0000000088200000, 0x0000000088300000|  0%| F|  |TAMS 0x0000000088200000, 0x0000000088200000| Untracked 
| 109|0x0000000088300000, 0x0000000088300000, 0x0000000088400000|  0%| F|  |TAMS 0x0000000088300000, 0x0000000088300000| Untracked 
| 110|0x0000000088400000, 0x0000000088400000, 0x0000000088500000|  0%| F|  |TAMS 0x0000000088400000, 0x0000000088400000| Untracked 
| 111|0x0000000088500000, 0x0000000088500000, 0x0000000088600000|  0%| F|  |TAMS 0x0000000088500000, 0x0000000088500000| Untracked 
| 112|0x0000000088600000, 0x0000000088600000, 0x0000000088700000|  0%| F|  |TAMS 0x0000000088600000, 0x0000000088600000| Untracked 
| 113|0x0000000088700000, 0x0000000088700000, 0x0000000088800000|  0%| F|  |TAMS 0x0000000088700000, 0x0000000088700000| Untracked 
| 114|0x0000000088800000, 0x0000000088800000, 0x0000000088900000|  0%| F|  |TAMS 0x0000000088800000, 0x0000000088800000| Untracked 
| 115|0x0000000088900000, 0x0000000088900000, 0x0000000088a00000|  0%| F|  |TAMS 0x0000000088900000, 0x0000000088900000| Untracked 
| 116|0x0000000088a00000, 0x0000000088a00000, 0x0000000088b00000|  0%| F|  |TAMS 0x0000000088a00000, 0x0000000088a00000| Untracked 
| 117|0x0000000088b00000, 0x0000000088b00000, 0x0000000088c00000|  0%| F|  |TAMS 0x0000000088b00000, 0x0000000088b00000| Untracked 
| 118|0x0000000088c00000, 0x0000000088c00000, 0x0000000088d00000|  0%| F|  |TAMS 0x0000000088c00000, 0x0000000088c00000| Untracked 
| 119|0x0000000088d00000, 0x0000000088d00000, 0x0000000088e00000|  0%| F|  |TAMS 0x0000000088d00000, 0x0000000088d00000| Untracked 
| 120|0x0000000088e00000, 0x0000000088e00000, 0x0000000088f00000|  0%| F|  |TAMS 0x0000000088e00000, 0x0000000088e00000| Untracked 
| 121|0x0000000088f00000, 0x0000000088f00000, 0x0000000089000000|  0%| F|  |TAMS 0x0000000088f00000, 0x0000000088f00000| Untracked 
| 122|0x0000000089000000, 0x0000000089000000, 0x0000000089100000|  0%| F|  |TAMS 0x0000000089000000, 0x0000000089000000| Untracked 
| 123|0x0000000089100000, 0x0000000089100000, 0x0000000089200000|  0%| F|  |TAMS 0x0000000089100000, 0x0000000089100000| Untracked 
| 124|0x0000000089200000, 0x0000000089200000, 0x0000000089300000|  0%| F|  |TAMS 0x0000000089200000, 0x0000000089200000| Untracked 
| 125|0x0000000089300000, 0x0000000089300000, 0x0000000089400000|  0%| F|  |TAMS 0x0000000089300000, 0x0000000089300000| Untracked 
| 126|0x0000000089400000, 0x0000000089497500, 0x0000000089500000| 59%| S|CS|TAMS 0x0000000089400000, 0x0000000089400000| Complete 
| 127|0x0000000089500000, 0x0000000089500000, 0x0000000089600000|  0%| F|  |TAMS 0x0000000089500000, 0x0000000089500000| Untracked 

Card table byte_map: [0x00000231d7830000,0x00000231d7c30000] _byte_map_base: 0x00000231d7425000

Marking Bits (Prev, Next): (CMBitMap*) 0x00000231bff6e1a8, (CMBitMap*) 0x00000231bff6e1e8
 Prev Bits: [0x00000231d8030000, 0x00000231d9fd8000)
 Next Bits: [0x00000231d9fe0000, 0x00000231dbf88000)

Polling page: 0x00000231bdd30000

Metaspace:

Usage:
  Non-class:      4.45 MB capacity,     4.44 MB (>99%) used,     6.40 KB ( <1%) free+waste,     4.69 KB ( <1%) overhead. 
      Class:    490.00 KB capacity,   441.63 KB ( 90%) used,    47.81 KB ( 10%) free+waste,   576 bytes ( <1%) overhead. 
       Both:      4.93 MB capacity,     4.87 MB ( 99%) used,    54.21 KB (  1%) free+waste,     5.25 KB ( <1%) overhead. 

Virtual space:
  Non-class space:       26.00 MB reserved,       4.50 MB ( 17%) committed 
      Class space:        1.00 GB reserved,     512.00 KB ( <1%) committed 
             Both:        1.03 GB reserved,       5.00 MB ( <1%) committed 

Chunk freelists:
   Non-Class:  48.00 KB
       Class:  22.00 KB
        Both:  70.00 KB

MaxMetaspaceSize: 17179869184.00 GB
CompressedClassSpaceSize: 1.00 GB

CodeHeap 'non-profiled nmethods': size=120000Kb used=21Kb max_used=21Kb free=119978Kb
 bounds [0x00000231cff00000, 0x00000231d0170000, 0x00000231d7430000]
CodeHeap 'profiled nmethods': size=120000Kb used=123Kb max_used=123Kb free=119876Kb
 bounds [0x00000231c89d0000, 0x00000231c8c40000, 0x00000231cff00000]
CodeHeap 'non-nmethods': size=5760Kb used=1074Kb max_used=1074Kb free=4685Kb
 bounds [0x00000231c8430000, 0x00000231c86a0000, 0x00000231c89d0000]
 total_blobs=693 nmethods=91 adapters=205
 compilation: enabled
              stopped_count=0, restarted_count=0
 full_count=0

Compilation events (20 events):
Event: 0.135 Thread 0x00000231df0ea000 nmethod 80 0x00000231c89ebc90 code [0x00000231c89ebe60, 0x00000231c89ec1c0]
Event: 0.135 Thread 0x00000231df0ea000   81       3       jdk.internal.module.ModuleBootstrap$2::next (52 bytes)
Event: 0.136 Thread 0x00000231df0ea000 nmethod 81 0x00000231c89ec310 code [0x00000231c89ec520, 0x00000231c89eca90]
Event: 0.136 Thread 0x00000231de4bd800 nmethod 77 0x00000231cff04290 code [0x00000231cff04420, 0x00000231cff04658]
Event: 0.137 Thread 0x00000231df0ea000   83       1       java.lang.Module::getDescriptor (5 bytes)
Event: 0.137 Thread 0x00000231df0ea000 nmethod 83 0x00000231cff04c90 code [0x00000231cff04e20, 0x00000231cff04f38]
Event: 0.137 Thread 0x00000231de4bd800   84       4       java.util.ImmutableCollections$SetN$SetNIterator::nextIndex (56 bytes)
Event: 0.138 Thread 0x00000231df0ea000   85       3       java.util.ImmutableCollections$SetN::iterator (9 bytes)
Event: 0.138 Thread 0x00000231df0ea000 nmethod 85 0x00000231c89ecc10 code [0x00000231c89ecdc0, 0x00000231c89ecfb0]
Event: 0.138 Thread 0x00000231de4bd800 nmethod 84 0x00000231cff04f90 code [0x00000231cff05120, 0x00000231cff051b8]
Event: 0.141 Thread 0x00000231df0ea000   86       3       java.lang.String::hashCode (60 bytes)
Event: 0.141 Thread 0x00000231df0ea000 nmethod 86 0x00000231c89ed090 code [0x00000231c89ed260, 0x00000231c89ed730]
Event: 0.144 Thread 0x00000231df0ea000   87       3       java.lang.StringUTF16::getChar (60 bytes)
Event: 0.145 Thread 0x00000231df0ea000 nmethod 87 0x00000231c89ed890 code [0x00000231c89eda40, 0x00000231c89edbf8]
Event: 0.150 Thread 0x00000231df0ea000   88       3       java.lang.AbstractStringBuilder::ensureCapacityInternal (39 bytes)
Event: 0.150 Thread 0x00000231df0ea000 nmethod 88 0x00000231c89edd10 code [0x00000231c89edee0, 0x00000231c89ee3c0]
Event: 0.150 Thread 0x00000231df0ea000   89       3       java.lang.StringLatin1::canEncode (13 bytes)
Event: 0.150 Thread 0x00000231df0ea000 nmethod 89 0x00000231c89ee590 code [0x00000231c89ee740, 0x00000231c89ee8d8]
Event: 0.150 Thread 0x00000231df0ea000   90       3       java.lang.AbstractStringBuilder::isLatin1 (19 bytes)
Event: 0.150 Thread 0x00000231df0ea000 nmethod 90 0x00000231c89ee990 code [0x00000231c89eeb40, 0x00000231c89eed18]

GC Heap History (2 events):
Event: 0.212 GC heap before
{Heap before GC invocations=0 (full 0):
 garbage-first heap   total 131072K, used 0K [0x0000000081600000, 0x0000000100000000)
  region size 1024K, 1 young (1024K), 0 survivors (0K)
 Metaspace       used 4990K, capacity 5050K, committed 5120K, reserved 1073152K
  class space    used 441K, capacity 490K, committed 512K, reserved 1048576K
}
Event: 0.218 GC heap after
{Heap after GC invocations=1 (full 0):
 garbage-first heap   total 131072K, used 605K [0x0000000081600000, 0x0000000100000000)
  region size 1024K, 1 young (1024K), 1 survivors (1024K)
 Metaspace       used 4990K, capacity 5050K, committed 5120K, reserved 1073152K
  class space    used 441K, capacity 490K, committed 512K, reserved 1048576K
}

Deoptimization events (4 events):
Event: 0.140 Thread 0x00000231bff2b000 Uncommon trap: trap_request=0xffffff45 fr.pc=0x00000231cff04610 relative=0x00000000000001f0
Event: 0.140 Thread 0x00000231bff2b000 Uncommon trap: reason=unstable_if action=reinterpret pc=0x00000231cff04610 method=java.lang.String.hashCode()I @ 42 c2
Event: 0.140 Thread 0x00000231bff2b000 DEOPT PACKING pc=0x00000231cff04610 sp=0x000000a77b8fe140
Event: 0.140 Thread 0x00000231bff2b000 DEOPT UNPACKING pc=0x00000231c847912f sp=0x000000a77b8fe0d8 mode 2

Classes unloaded (0 events):
No events

Classes redefined (0 events):
No events

Internal exceptions (0 events):
No events

Events (20 events):
Event: 0.207 loading class sun/invoke/util/ValueConversions done
Event: 0.207 loading class java/lang/invoke/MethodHandleImpl
Event: 0.208 loading class java/lang/invoke/MethodHandleImpl done
Event: 0.208 loading class java/lang/invoke/Invokers
Event: 0.208 loading class java/lang/invoke/Invokers done
Event: 0.208 loading class java/lang/invoke/LambdaForm$Kind
Event: 0.208 loading class java/lang/invoke/LambdaForm$Kind done
Event: 0.210 loading class java/lang/NoSuchMethodException
Event: 0.210 loading class java/lang/NoSuchMethodException done
Event: 0.210 loading class java/lang/invoke/LambdaForm$BasicType
Event: 0.210 loading class java/lang/invoke/LambdaForm$BasicType done
Event: 0.210 loading class java/lang/invoke/LambdaForm$Name
Event: 0.211 loading class java/lang/invoke/LambdaForm$Name done
Event: 0.211 loading class java/lang/invoke/LambdaForm$Holder
Event: 0.211 loading class java/lang/invoke/LambdaForm$Holder done
Event: 0.211 loading class java/lang/invoke/MethodHandleImpl$Intrinsic
Event: 0.211 loading class java/lang/invoke/MethodHandleImpl$Intrinsic done
Event: 0.211 loading class java/lang/invoke/InvokerBytecodeGenerator
Event: 0.212 loading class java/lang/invoke/InvokerBytecodeGenerator done
Event: 0.212 Executing VM operation: CollectForMetadataAllocation


Dynamic libraries:
0x00007ff6af240000 - 0x00007ff6af24f000 	C:\Program Files\Java\jdk-13.0.2\bin\javaw.exe
0x00007ffe36100000 - 0x00007ffe362f0000 	C:\Windows\SYSTEM32\ntdll.dll
0x00007ffe35dd0000 - 0x00007ffe35e82000 	C:\Windows\System32\KERNEL32.DLL
0x00007ffe33230000 - 0x00007ffe334d4000 	C:\Windows\System32\KERNELBASE.dll
0x00007ffe33560000 - 0x00007ffe3365a000 	C:\Windows\System32\ucrtbase.dll
0x00007ffe22970000 - 0x00007ffe22988000 	C:\Program Files\Java\jdk-13.0.2\bin\jli.dll
0x00007ffe35b80000 - 0x00007ffe35c23000 	C:\Windows\System32\ADVAPI32.dll
0x00007ffe35e90000 - 0x00007ffe35f2e000 	C:\Windows\System32\msvcrt.dll
0x00007ffe34290000 - 0x00007ffe34327000 	C:\Windows\System32\sechost.dll
0x00007ffe355f0000 - 0x00007ffe35710000 	C:\Windows\System32\RPCRT4.dll
0x00007ffe15da0000 - 0x00007ffe15db5000 	C:\Program Files\Java\jdk-13.0.2\bin\VCRUNTIME140.dll
0x00007ffe35c30000 - 0x00007ffe35dc4000 	C:\Windows\System32\USER32.dll
0x00007ffe334e0000 - 0x00007ffe33501000 	C:\Windows\System32\win32u.dll
0x00007ffe347a0000 - 0x00007ffe347c6000 	C:\Windows\System32\GDI32.dll
0x00007ffe33090000 - 0x00007ffe33224000 	C:\Windows\System32\gdi32full.dll
0x00007ffe33660000 - 0x00007ffe336fe000 	C:\Windows\System32\msvcp_win.dll
0x00007ffe22380000 - 0x00007ffe22604000 	C:\Windows\WinSxS\amd64_microsoft.windows.common-controls_6595b64144ccf1df_6.0.18362.836_none_e6c4b943130f18ed\COMCTL32.dll
0x00007ffe349e0000 - 0x00007ffe34d16000 	C:\Windows\System32\combase.dll
0x00007ffe33fd0000 - 0x00007ffe34050000 	C:\Windows\System32\bcryptPrimitives.dll
0x00007ffe26720000 - 0x00007ffe2672a000 	C:\Windows\SYSTEM32\VERSION.dll
0x00007ffe36090000 - 0x00007ffe360be000 	C:\Windows\System32\IMM32.DLL
0x00007ffdfe2c0000 - 0x00007ffdfe35b000 	C:\Program Files\Java\jdk-13.0.2\bin\msvcp140.dll
0x00007ffdd7510000 - 0x00007ffdd806d000 	C:\Program Files\Java\jdk-13.0.2\bin\server\jvm.dll
0x00007ffe346b0000 - 0x00007ffe346b8000 	C:\Windows\System32\PSAPI.DLL
0x00007ffe2a5f0000 - 0x00007ffe2a614000 	C:\Windows\SYSTEM32\WINMM.dll
0x00007ffe20980000 - 0x00007ffe20989000 	C:\Windows\SYSTEM32\WSOCK32.dll
0x00007ffe346c0000 - 0x00007ffe3472f000 	C:\Windows\System32\WS2_32.dll
0x00007ffe2a5c0000 - 0x00007ffe2a5ed000 	C:\Windows\SYSTEM32\WINMMBASE.dll
0x00007ffe34160000 - 0x00007ffe341aa000 	C:\Windows\System32\cfgmgr32.dll
0x00007ffe32fd0000 - 0x00007ffe32fe1000 	C:\Windows\System32\kernel.appcore.dll
0x00007ffe2d4e0000 - 0x00007ffe2d4f0000 	C:\Program Files\Java\jdk-13.0.2\bin\verify.dll
0x00007ffe206f0000 - 0x00007ffe208e4000 	C:\Windows\SYSTEM32\DBGHELP.DLL
0x00007ffe20580000 - 0x00007ffe205aa000 	C:\Windows\SYSTEM32\dbgcore.DLL
0x00007ffe0a540000 - 0x00007ffe0a566000 	C:\Program Files\Java\jdk-13.0.2\bin\java.dll
0x00007ffe25460000 - 0x00007ffe25477000 	C:\Program Files\Java\jdk-13.0.2\bin\zip.dll
0x00007ffe2d4d0000 - 0x00007ffe2d4da000 	C:\Program Files\Java\jdk-13.0.2\bin\jimage.dll
0x00007ffe34ee0000 - 0x00007ffe355c4000 	C:\Windows\System32\SHELL32.dll
0x00007ffe34580000 - 0x00007ffe34629000 	C:\Windows\System32\shcore.dll
0x00007ffe33700000 - 0x00007ffe33e7e000 	C:\Windows\System32\windows.storage.dll
0x00007ffe33060000 - 0x00007ffe33083000 	C:\Windows\System32\profapi.dll
0x00007ffe32ff0000 - 0x00007ffe3303a000 	C:\Windows\System32\powrprof.dll
0x00007ffe32fc0000 - 0x00007ffe32fd0000 	C:\Windows\System32\UMPDC.dll
0x00007ffe347d0000 - 0x00007ffe34822000 	C:\Windows\System32\shlwapi.dll
0x00007ffe33540000 - 0x00007ffe33557000 	C:\Windows\System32\cryptsp.dll

dbghelp: loaded successfully - version: 4.0.5 - missing functions: none
symbol engine: initialized successfully - sym options: 0x614 - pdb path: .;C:\Program Files\Java\jdk-13.0.2\bin;C:\Windows\SYSTEM32;C:\Windows\WinSxS\amd64_microsoft.windows.common-controls_6595b64144ccf1df_6.0.18362.836_none_e6c4b943130f18ed;C:\Program Files\Java\jdk-13.0.2\bin\server

VM Arguments:
jvm_args: -Dfile.encoding=UTF-8 
java_command: test
java_class_path (initial): E:\s6 IID\java\projet\Nouveau dossier\Gestion_Projet_Academique\bin;C:\Users\abdel\OneDrive\Bureau\projet java ns\mysql-connector-java-8.0.19.jar;C:\Users\abdel\OneDrive\Bureau\projet java ns\jcalendar-1.4\jcalendar-1.4.jar
Launcher Type: SUN_STANDARD

[Global flags]
     intx CICompilerCount                          = 3                                         {product} {ergonomic}
     uint ConcGCThreads                            = 1                                         {product} {ergonomic}
     uint G1ConcRefinementThreads                  = 4                                         {product} {ergonomic}
   size_t G1HeapRegionSize                         = 1048576                                   {product} {ergonomic}
    uintx GCDrainStackTargetSize                   = 64                                        {product} {ergonomic}
   size_t InitialHeapSize                          = 134217728                                 {product} {ergonomic}
   size_t MarkStackSize                            = 4194304                                   {product} {ergonomic}
   size_t MaxHeapSize                              = 2124414976                                {product} {ergonomic}
   size_t MaxNewSize                               = 1274019840                                {product} {ergonomic}
   size_t MinHeapDeltaBytes                        = 1048576                                   {product} {ergonomic}
   size_t MinHeapSize                              = 8388608                                   {product} {ergonomic}
    uintx NonNMethodCodeHeapSize                   = 5832780                                {pd product} {ergonomic}
    uintx NonProfiledCodeHeapSize                  = 122912730                              {pd product} {ergonomic}
    uintx ProfiledCodeHeapSize                     = 122912730                              {pd product} {ergonomic}
    uintx ReservedCodeCacheSize                    = 251658240                              {pd product} {ergonomic}
     bool SegmentedCodeCache                       = true                                      {product} {ergonomic}
   size_t SoftMaxHeapSize                          = 2124414976                             {manageable} {ergonomic}
     bool UseCompressedClassPointers               = true                                 {lp64_product} {ergonomic}
     bool UseCompressedOops                        = true                                 {lp64_product} {ergonomic}
     bool UseG1GC                                  = true                                      {product} {ergonomic}
     bool UseLargePagesIndividualAllocation        = false                                  {pd product} {ergonomic}

Logging:
Log output configuration:
 #0: stdout all=warning uptime,level,tags
 #1: stderr all=off uptime,level,tags

Environment Variables:
PATH=C:/Program Files/Java/jdk-13.0.2/bin/server;C:/Program Files/Java/jdk-13.0.2/bin;C:\app\abdel\product\18.0.0\dbhomeXE\bin;C:\Windows\system32;C:\Windows;C:\Windows\System32\Wbem;C:\Windows\System32\WindowsPowerShell\v1.0\;C:\Windows\System32\OpenSSH\;C:\Program Files\MiKTeX 2.9\miktex\bin\x64\;C:\Users\abdel\AppData\Local\Microsoft\WindowsApps;;C:\Users\abdel\AppData\Local\Programs\Microsoft VS Code\bin;C:\Windows\System32;
USERNAME=abdel
OS=Windows_NT
PROCESSOR_IDENTIFIER=Intel64 Family 6 Model 69 Stepping 1, GenuineIntel



---------------  S Y S T E M  ---------------

OS: Windows 10 , 64 bit Build 18362 (10.0.18362.778)

CPU:total 4 (initial active 4) (2 cores per cpu, 2 threads per core) family 6 model 69 stepping 1, cmov, cx8, fxsr, mmx, sse, sse2, sse3, ssse3, sse4.1, sse4.2, popcnt, avx, avx2, aes, clmul, erms, lzcnt, ht, tsc, tscinvbit, bmi1, bmi2, fma

Memory: 4k page, system-wide physical 8097M (711M free)
TotalPageFile size 26797M (AvailPageFile size 0M)
current process WorkingSet (physical memory assigned to process): 28M, peak: 28M
current process commit charge ("private bytes"): 195M, peak: 196M

vm_info: Java HotSpot(TM) 64-Bit Server VM (13.0.2+8) for windows-amd64 JRE (13.0.2+8), built on Dec 11 2019 09:20:33 by "mach5one" with unknown MS VC++:1916

END.
